#
# A fatal error has been detected by the Java Runtime Environment:
#
#  EXCEPTION_ACCESS_VIOLATION (0xc0000005) at pc=0x00007ff99944e154, pid=8780, tid=4500
#
# JRE version: OpenJDK Runtime Environment Temurin-17.0.2+8 (17.0.2+8) (build 17.0.2+8)
# Java VM: OpenJDK 64-Bit Server VM Temurin-17.0.2+8 (17.0.2+8, mixed mode, sharing, tiered, compressed oops, compressed class ptrs, g1 gc, windows-amd64)
# Problematic frame:
# V  [jvm.dll+0x55e154]
#
# No core dump will be written. Minidumps are not enabled by default on client versions of Windows
#
# If you would like to submit a bug report, please visit:
#   https://github.com/adoptium/adoptium-support/issues
#

---------------  S U M M A R Y ------------

Command Line: -XX:+ShowCodeDetailsInExceptionMessages -Dspring.jmx.enabled=true -Dmanagement.endpoints.jmx.exposure.include=* -Dspring.application.admin.enabled=true -Dspring.boot.project.name=accenturetalenthub -Djava.rmi.server.hostname=localhost com.accenture.accenturetalenthub.AccenturetalenthubApplication

Host: Intel(R) Core(TM) i3-7020U CPU @ 2.30GHz, 4 cores, 7G,  Windows 10 , 64 bit Build 19041 (10.0.19041.3570)
Time: Wed Nov 15 15:50:43 2023 Hora oficial do Brasil elapsed time: 3.223266 seconds (0d 0h 0m 3s)

---------------  T H R E A D  ---------------

Current thread (0x000002b2f59cdb20):  JavaThread "C2 CompilerThread1" daemon [_thread_in_native, id=4500, stack(0x000000cf5d500000,0x000000cf5d600000)]


Current CompileTask:
C2:   3223 2229   !   4       jdk.internal.loader.URLClassPath$JarLoader::getResource (354 bytes)

Stack: [0x000000cf5d500000,0x000000cf5d600000],  sp=0x000000cf5d5fb5f0,  free space=1005k
Native frames: (J=compiled Java code, j=interpreted, Vv=VM code, C=native code)
V  [jvm.dll+0x55e154]
V  [jvm.dll+0x55e943]
V  [jvm.dll+0x1bb717]
V  [jvm.dll+0x218229]
V  [jvm.dll+0x2174f1]
V  [jvm.dll+0x1a3a8d]
V  [jvm.dll+0x226ef8]
V  [jvm.dll+0x22503c]
V  [jvm.dll+0x7e596b]
V  [jvm.dll+0x7dff2a]
V  [jvm.dll+0x6744d5]
C  [ucrtbase.dll+0x21bb2]
C  [KERNEL32.DLL+0x17344]
C  [ntdll.dll+0x526b1]


siginfo: EXCEPTION_ACCESS_VIOLATION (0xc0000005), reading address 0x0000000000000000


Register to memory mapping:

RIP=0x00007ff99944e154 jvm.dll
RAX=0x000002b2f2af72b0 points into unknown readable memory: 0x0000000000000000 | 00 00 00 00 00 00 00 00
RBX=0x0000000000000002 is an unknown value
RCX=0x0 is NULL
RDX=0x000002b2f61e0880 points into unknown readable memory: 0x0000000000000004 | 04 00 00 00 00 00 00 00
RSP=0x000000cf5d5fb5f0 is pointing into the stack for thread: 0x000002b2f59cdb20
RBP=0x0000000000000004 is an unknown value
RSI=0x0 is NULL
RDI=0x000002b2f7dbbe80 points into unknown readable memory: 0x0000000000000000 | 00 00 00 00 00 00 00 00
R8 =0x00007ff999a5aba8 jvm.dll
R9 =0x0000000000000001 is an unknown value
R10=0x0000000000012e80 is an unknown value
R11=0x00000000000001e4 is an unknown value
R12=0x000002b2f635dd30 points into unknown readable memory: 0x0000000000000000 | 00 00 00 00 00 00 00 00
R13=0x000000cf5d5fb8a0 is pointing into the stack for thread: 0x000002b2f59cdb20
R14=0x0 is NULL
R15=0x000002b2f67caeb0 points into unknown readable memory: 0x0000000100000001 | 01 00 00 00 01 00 00 00


Registers:
RAX=0x000002b2f2af72b0, RBX=0x0000000000000002, RCX=0x0000000000000000, RDX=0x000002b2f61e0880
RSP=0x000000cf5d5fb5f0, RBP=0x0000000000000004, RSI=0x0000000000000000, RDI=0x000002b2f7dbbe80
R8 =0x00007ff999a5aba8, R9 =0x0000000000000001, R10=0x0000000000012e80, R11=0x00000000000001e4
R12=0x000002b2f635dd30, R13=0x000000cf5d5fb8a0, R14=0x0000000000000000, R15=0x000002b2f67caeb0
RIP=0x00007ff99944e154, EFLAGS=0x0000000000010202

Top of Stack: (sp=0x000000cf5d5fb5f0)
0x000000cf5d5fb5f0:   0000000000000002 000002b2f7dbbe80
0x000000cf5d5fb600:   000000cf5d5fe520 000000cf5d5fb8a0
0x000000cf5d5fb610:   0000000000000002 0000000100000002
0x000000cf5d5fb620:   0000001000000001 000002b2f61dffc0
0x000000cf5d5fb630:   000002b2f5dfd080 000002b2f7dbb950
0x000000cf5d5fb640:   000002b2f635ddd0 000002b2f6ad9200
0x000000cf5d5fb650:   000000000000000e 000000cf5d5fb8a0
0x000000cf5d5fb660:   000002b2f7dbb950 0000000000000002
0x000000cf5d5fb670:   0000000000000010 0000000000000000
0x000000cf5d5fb680:   000002b2f52387a0 00007ff99944e943
0x000000cf5d5fb690:   000002b2f635dd30 000002b2f6ad9200
0x000000cf5d5fb6a0:   0000000000000000 000000cf5d5fb6f8
0x000000cf5d5fb6b0:   000002b2f57eca58 0000000000000018
0x000000cf5d5fb6c0:   000002b2f7dbb950 0000000000000010
0x000000cf5d5fb6d0:   000002b2f5758ac0 000002b2f6128100
0x000000cf5d5fb6e0:   000000000015c4c8 000002b2f6129150 

Instructions: (pc=0x00007ff99944e154)
0x00007ff99944e054:   3e 00 0f 84 6f 01 00 00 48 8b 46 08 4c 8d 05 41
0x00007ff99944e064:   cb 60 00 8b 4e 04 33 d2 4c 8b a4 24 a0 00 00 00
0x00007ff99944e074:   8b da 48 89 54 24 20 89 54 24 28 48 89 54 24 38
0x00007ff99944e084:   48 89 44 24 40 48 c7 44 24 2c 04 00 00 00 89 4c
0x00007ff99944e094:   24 34 48 89 74 24 48 4c 89 74 24 60 48 85 d2 74
0x00007ff99944e0a4:   19 48 0f bc c2 8b c8 48 d3 ea 48 ff ca 03 d8 48
0x00007ff99944e0b4:   89 54 24 20 89 5c 24 28 eb 28 83 7c 24 2c 04 72
0x00007ff99944e0c4:   0e 8b 44 24 34 39 44 24 30 0f 83 db 00 00 00 48
0x00007ff99944e0d4:   8d 4c 24 20 e8 43 9f e0 ff 8b d8 4c 8d 05 c2 ca
0x00007ff99944e0e4:   60 00 85 db 0f 84 c0 00 00 00 8b c3 48 c1 e8 08
0x00007ff99944e0f4:   8b f3 4c 8d 34 c5 00 00 00 00 49 8b 47 08 49 8b
0x00007ff99944e104:   14 06 49 3b d0 75 14 8b d3 49 8b cf e8 cb a0 e0
0x00007ff99944e114:   ff 48 8b d0 4c 8d 05 89 ca 60 00 40 0f b6 ce bd
0x00007ff99944e124:   01 00 00 00 48 c1 ee 06 80 e1 3f 83 e6 03 48 d3
0x00007ff99944e134:   e5 48 8b 0c f2 48 8b c1 48 0b c5 48 89 04 f2 48
0x00007ff99944e144:   85 cd 75 48 41 ff 07 49 8b 44 24 08 4a 8b 0c 30
0x00007ff99944e154:   48 85 2c f1 75 36 48 8b 47 08 49 8b 14 06 49 3b
0x00007ff99944e164:   d0 75 14 8b d3 48 8b cf e8 6f a0 e0 ff 48 8b d0
0x00007ff99944e174:   4c 8d 05 2d ca 60 00 48 8b 0c f2 48 8b c1 48 0b
0x00007ff99944e184:   c5 48 89 04 f2 48 85 cd 74 10 66 90 8b 5c 24 28
0x00007ff99944e194:   48 8b 54 24 20 e9 02 ff ff ff ff 07 8b 5c 24 28
0x00007ff99944e1a4:   48 8b 54 24 20 e9 f2 fe ff ff 4c 8b a4 24 a8 00
0x00007ff99944e1b4:   00 00 48 8b 9c 24 b0 00 00 00 48 8b ac 24 b8 00
0x00007ff99944e1c4:   00 00 4c 8b 74 24 60 83 3f 00 4c 8b 7c 24 58 48
0x00007ff99944e1d4:   8b 74 24 68 74 4b 41 8b 4c 24 4c 49 8b 45 28 ff
0x00007ff99944e1e4:   c9 48 89 3c c8 48 85 db 75 46 41 8b 4c 24 4c 8b
0x00007ff99944e1f4:   c1 c1 e8 05 3b 45 00 73 37 8b d0 83 e1 1f 48 8b
0x00007ff99944e204:   45 08 8b 04 90 0f a3 c8 73 26 49 8b 4d 38 49 8b
0x00007ff99944e214:   d4 48 83 c4 70 41 5d 41 5c 5f 5d 5b e9 4b 29 bc
0x00007ff99944e224:   ff 49 8b 45 30 48 89 87 98 00 00 00 49 89 7d 30
0x00007ff99944e234:   48 83 c4 70 41 5d 41 5c 5f 5d 5b c3 40 53 55 56
0x00007ff99944e244:   57 41 54 41 55 41 56 41 57 48 81 ec 98 00 00 00 


Stack slot to memory mapping:
stack at sp + 0 slots: 0x0000000000000002 is an unknown value
stack at sp + 1 slots: 0x000002b2f7dbbe80 points into unknown readable memory: 0x0000000000000000 | 00 00 00 00 00 00 00 00
stack at sp + 2 slots: 0x000000cf5d5fe520 is pointing into the stack for thread: 0x000002b2f59cdb20
stack at sp + 3 slots: 0x000000cf5d5fb8a0 is pointing into the stack for thread: 0x000002b2f59cdb20
stack at sp + 4 slots: 0x0000000000000002 is an unknown value
stack at sp + 5 slots: 0x0000000100000002 is an unknown value
stack at sp + 6 slots: 0x0000001000000001 is an unknown value
stack at sp + 7 slots: 0x000002b2f61dffc0 points into unknown readable memory: 0x000000000000000c | 0c 00 00 00 00 00 00 00


---------------  P R O C E S S  ---------------

Threads class SMR info:
_java_thread_list=0x000002b2f65d5230, length=20, elements={
0x000002b2d6a08b30, 0x000002b2f44947a0, 0x000002b2f4495350, 0x000002b2f44a9d80,
0x000002b2f44aa930, 0x000002b2f44af400, 0x000002b2f44b7dc0, 0x000002b2f44dc060,
0x000002b2f44dcb00, 0x000002b2f44dd4f0, 0x000002b2f50fb540, 0x000002b2f51025d0,
0x000002b2f59cdb20, 0x000002b2f5a73ba0, 0x000002b2f5d19800, 0x000002b2f5a58740,
0x000002b2f5bc7cd0, 0x000002b2f5bc02f0, 0x000002b2f608b060, 0x000002b2f65d5560
}

Java Threads: ( => current thread )
  0x000002b2d6a08b30 JavaThread "main" [_thread_blocked, id=8728, stack(0x000000cf5c200000,0x000000cf5c300000)]
  0x000002b2f44947a0 JavaThread "Reference Handler" daemon [_thread_blocked, id=6712, stack(0x000000cf5c900000,0x000000cf5ca00000)]
  0x000002b2f4495350 JavaThread "Finalizer" daemon [_thread_blocked, id=16872, stack(0x000000cf5ca00000,0x000000cf5cb00000)]
  0x000002b2f44a9d80 JavaThread "Signal Dispatcher" daemon [_thread_blocked, id=7508, stack(0x000000cf5cb00000,0x000000cf5cc00000)]
  0x000002b2f44aa930 JavaThread "Attach Listener" daemon [_thread_blocked, id=11620, stack(0x000000cf5cc00000,0x000000cf5cd00000)]
  0x000002b2f44af400 JavaThread "Service Thread" daemon [_thread_blocked, id=12516, stack(0x000000cf5cd00000,0x000000cf5ce00000)]
  0x000002b2f44b7dc0 JavaThread "Monitor Deflation Thread" daemon [_thread_blocked, id=11816, stack(0x000000cf5ce00000,0x000000cf5cf00000)]
  0x000002b2f44dc060 JavaThread "C2 CompilerThread0" daemon [_thread_in_native, id=10096, stack(0x000000cf5cf00000,0x000000cf5d000000)]
  0x000002b2f44dcb00 JavaThread "C1 CompilerThread0" daemon [_thread_in_native, id=7216, stack(0x000000cf5d000000,0x000000cf5d100000)]
  0x000002b2f44dd4f0 JavaThread "Sweeper thread" daemon [_thread_blocked, id=12940, stack(0x000000cf5d100000,0x000000cf5d200000)]
  0x000002b2f50fb540 JavaThread "Notification Thread" daemon [_thread_blocked, id=16300, stack(0x000000cf5d200000,0x000000cf5d300000)]
  0x000002b2f51025d0 JavaThread "Common-Cleaner" daemon [_thread_blocked, id=16856, stack(0x000000cf5d400000,0x000000cf5d500000)]
=>0x000002b2f59cdb20 JavaThread "C2 CompilerThread1" daemon [_thread_in_native, id=4500, stack(0x000000cf5d500000,0x000000cf5d600000)]
  0x000002b2f5a73ba0 JavaThread "Thread-0" [_thread_blocked, id=6176, stack(0x000000cf5d900000,0x000000cf5da00000)]
  0x000002b2f5d19800 JavaThread "restartedMain" [_thread_in_native, id=11736, stack(0x000000cf5da00000,0x000000cf5db00000)]
  0x000002b2f5a58740 JavaThread "RMI TCP Accept-0" daemon [_thread_in_native, id=16296, stack(0x000000cf5db00000,0x000000cf5dc00000)]
  0x000002b2f5bc7cd0 JavaThread "RMI TCP Connection(1)-127.0.0.1" daemon [_thread_in_native, id=10932, stack(0x000000cf5dc00000,0x000000cf5dd00000)]
  0x000002b2f5bc02f0 JavaThread "RMI Scheduler(0)" daemon [_thread_blocked, id=17204, stack(0x000000cf5dd00000,0x000000cf5de00000)]
  0x000002b2f608b060 JavaThread "JMX server connection timeout 21" daemon [_thread_blocked, id=720, stack(0x000000cf5de00000,0x000000cf5df00000)]
  0x000002b2f65d5560 JavaThread "background-preinit" [_thread_in_vm, id=1728, stack(0x000000cf5df00000,0x000000cf5e000000)]

Other Threads:
  0x000002b2f4490ce0 VMThread "VM Thread" [stack: 0x000000cf5c800000,0x000000cf5c900000] [id=13796]
  0x000002b2d6a6b6b0 WatcherThread [stack: 0x000000cf5d300000,0x000000cf5d400000] [id=7188]
  0x000002b2d6a4e8f0 GCTaskThread "GC Thread#0" [stack: 0x000000cf5c300000,0x000000cf5c400000] [id=16984]
  0x000002b2f5bfec30 GCTaskThread "GC Thread#1" [stack: 0x000000cf5d600000,0x000000cf5d700000] [id=6052]
  0x000002b2f5c760f0 GCTaskThread "GC Thread#2" [stack: 0x000000cf5d700000,0x000000cf5d800000] [id=8040]
  0x000002b2f5e78f50 GCTaskThread "GC Thread#3" [stack: 0x000000cf5d800000,0x000000cf5d900000] [id=3976]
  0x000002b2d6a5f470 ConcurrentGCThread "G1 Main Marker" [stack: 0x000000cf5c400000,0x000000cf5c500000] [id=6784]
  0x000002b2d6a60620 ConcurrentGCThread "G1 Conc#0" [stack: 0x000000cf5c500000,0x000000cf5c600000] [id=4772]
  0x000002b2d6ace710 ConcurrentGCThread "G1 Refine#0" [stack: 0x000000cf5c600000,0x000000cf5c700000] [id=11848]
  0x000002b2f434a100 ConcurrentGCThread "G1 Service" [stack: 0x000000cf5c700000,0x000000cf5c800000] [id=9628]

Threads with active compile tasks:
C2 CompilerThread0     3361 2309       4       jdk.internal.org.objectweb.asm.SymbolTable::addConstantUtf8Reference (101 bytes)
C2 CompilerThread1     3361 2229   !   4       jdk.internal.loader.URLClassPath$JarLoader::getResource (354 bytes)

VM state: not at safepoint (normal execution)

VM Mutex/Monitor currently owned by a thread: None

Heap address: 0x0000000081e00000, size: 2018 MB, Compressed Oops mode: 32-bit

CDS archive(s) mapped at: [0x0000000800000000-0x0000000800bc0000-0x0000000800bc0000), size 12320768, SharedBaseAddress: 0x0000000800000000, ArchiveRelocationMode: 0.
Compressed class space mapped at: 0x0000000800c00000-0x0000000840c00000, reserved size: 1073741824
Narrow klass base: 0x0000000800000000, Narrow klass shift: 0, Narrow klass range: 0x100000000

GC Precious Log:
 CPUs: 4 total, 4 available
 Memory: 8067M
 Large Page Support: Disabled
 NUMA Support: Disabled
 Compressed Oops: Enabled (32-bit)
 Heap Region Size: 1M
 Heap Min Capacity: 8M
 Heap Initial Capacity: 128M
 Heap Max Capacity: 2018M
 Pre-touch: Disabled
 Parallel Workers: 4
 Concurrent Workers: 1
 Concurrent Refinement Workers: 4
 Periodic GC: Disabled

Heap:
 garbage-first heap   total 131072K, used 36004K [0x0000000081e00000, 0x0000000100000000)
  region size 1024K, 30 young (30720K), 3 survivors (3072K)
 Metaspace       used 17954K, committed 18240K, reserved 1073152K
  class space    used 2309K, committed 2432K, reserved 1048576K

Heap Regions: E=young(eden), S=young(survivor), O=old, HS=humongous(starts), HC=humongous(continues), CS=collection set, F=free, OA=open archive, CA=closed archive, TAMS=top-at-mark-start (previous, next)
|   0|0x0000000081e00000, 0x0000000081f00000, 0x0000000081f00000|100%|HS|  |TAMS 0x0000000081e00000, 0x0000000081e00000| Complete 
|   1|0x0000000081f00000, 0x0000000082000000, 0x0000000082000000|100%| O|  |TAMS 0x0000000081f00000, 0x0000000081f00000| Untracked 
|   2|0x0000000082000000, 0x0000000082100000, 0x0000000082100000|100%| O|  |TAMS 0x0000000082000000, 0x0000000082000000| Untracked 
|   3|0x0000000082100000, 0x0000000082200000, 0x0000000082200000|100%| O|  |TAMS 0x0000000082100000, 0x0000000082100000| Untracked 
|   4|0x0000000082200000, 0x0000000082300000, 0x0000000082300000|100%| O|  |TAMS 0x0000000082200000, 0x0000000082200000| Untracked 
|   5|0x0000000082300000, 0x0000000082400000, 0x0000000082400000|100%| O|  |TAMS 0x0000000082300000, 0x0000000082300000| Untracked 
|   6|0x0000000082400000, 0x0000000082450600, 0x0000000082500000| 31%| O|  |TAMS 0x0000000082400000, 0x0000000082400000| Untracked 
|   7|0x0000000082500000, 0x0000000082500000, 0x0000000082600000|  0%| F|  |TAMS 0x0000000082500000, 0x0000000082500000| Untracked 
|   8|0x0000000082600000, 0x0000000082600000, 0x0000000082700000|  0%| F|  |TAMS 0x0000000082600000, 0x0000000082600000| Untracked 
|   9|0x0000000082700000, 0x0000000082700000, 0x0000000082800000|  0%| F|  |TAMS 0x0000000082700000, 0x0000000082700000| Untracked 
|  10|0x0000000082800000, 0x0000000082800000, 0x0000000082900000|  0%| F|  |TAMS 0x0000000082800000, 0x0000000082800000| Untracked 
|  11|0x0000000082900000, 0x0000000082900000, 0x0000000082a00000|  0%| F|  |TAMS 0x0000000082900000, 0x0000000082900000| Untracked 
|  12|0x0000000082a00000, 0x0000000082a00000, 0x0000000082b00000|  0%| F|  |TAMS 0x0000000082a00000, 0x0000000082a00000| Untracked 
|  13|0x0000000082b00000, 0x0000000082b00000, 0x0000000082c00000|  0%| F|  |TAMS 0x0000000082b00000, 0x0000000082b00000| Untracked 
|  14|0x0000000082c00000, 0x0000000082c00000, 0x0000000082d00000|  0%| F|  |TAMS 0x0000000082c00000, 0x0000000082c00000| Untracked 
|  15|0x0000000082d00000, 0x0000000082d00000, 0x0000000082e00000|  0%| F|  |TAMS 0x0000000082d00000, 0x0000000082d00000| Untracked 
|  16|0x0000000082e00000, 0x0000000082e00000, 0x0000000082f00000|  0%| F|  |TAMS 0x0000000082e00000, 0x0000000082e00000| Untracked 
|  17|0x0000000082f00000, 0x0000000082f00000, 0x0000000083000000|  0%| F|  |TAMS 0x0000000082f00000, 0x0000000082f00000| Untracked 
|  18|0x0000000083000000, 0x0000000083000000, 0x0000000083100000|  0%| F|  |TAMS 0x0000000083000000, 0x0000000083000000| Untracked 
|  19|0x0000000083100000, 0x0000000083100000, 0x0000000083200000|  0%| F|  |TAMS 0x0000000083100000, 0x0000000083100000| Untracked 
|  20|0x0000000083200000, 0x0000000083200000, 0x0000000083300000|  0%| F|  |TAMS 0x0000000083200000, 0x0000000083200000| Untracked 
|  21|0x0000000083300000, 0x0000000083300000, 0x0000000083400000|  0%| F|  |TAMS 0x0000000083300000, 0x0000000083300000| Untracked 
|  22|0x0000000083400000, 0x0000000083400000, 0x0000000083500000|  0%| F|  |TAMS 0x0000000083400000, 0x0000000083400000| Untracked 
|  23|0x0000000083500000, 0x0000000083500000, 0x0000000083600000|  0%| F|  |TAMS 0x0000000083500000, 0x0000000083500000| Untracked 
|  24|0x0000000083600000, 0x0000000083600000, 0x0000000083700000|  0%| F|  |TAMS 0x0000000083600000, 0x0000000083600000| Untracked 
|  25|0x0000000083700000, 0x0000000083700000, 0x0000000083800000|  0%| F|  |TAMS 0x0000000083700000, 0x0000000083700000| Untracked 
|  26|0x0000000083800000, 0x0000000083800000, 0x0000000083900000|  0%| F|  |TAMS 0x0000000083800000, 0x0000000083800000| Untracked 
|  27|0x0000000083900000, 0x0000000083900000, 0x0000000083a00000|  0%| F|  |TAMS 0x0000000083900000, 0x0000000083900000| Untracked 
|  28|0x0000000083a00000, 0x0000000083a00000, 0x0000000083b00000|  0%| F|  |TAMS 0x0000000083a00000, 0x0000000083a00000| Untracked 
|  29|0x0000000083b00000, 0x0000000083b00000, 0x0000000083c00000|  0%| F|  |TAMS 0x0000000083b00000, 0x0000000083b00000| Untracked 
|  30|0x0000000083c00000, 0x0000000083c00000, 0x0000000083d00000|  0%| F|  |TAMS 0x0000000083c00000, 0x0000000083c00000| Untracked 
|  31|0x0000000083d00000, 0x0000000083d00000, 0x0000000083e00000|  0%| F|  |TAMS 0x0000000083d00000, 0x0000000083d00000| Untracked 
|  32|0x0000000083e00000, 0x0000000083e00000, 0x0000000083f00000|  0%| F|  |TAMS 0x0000000083e00000, 0x0000000083e00000| Untracked 
|  33|0x0000000083f00000, 0x0000000083f00000, 0x0000000084000000|  0%| F|  |TAMS 0x0000000083f00000, 0x0000000083f00000| Untracked 
|  34|0x0000000084000000, 0x0000000084000000, 0x0000000084100000|  0%| F|  |TAMS 0x0000000084000000, 0x0000000084000000| Untracked 
|  35|0x0000000084100000, 0x0000000084100000, 0x0000000084200000|  0%| F|  |TAMS 0x0000000084100000, 0x0000000084100000| Untracked 
|  36|0x0000000084200000, 0x0000000084200000, 0x0000000084300000|  0%| F|  |TAMS 0x0000000084200000, 0x0000000084200000| Untracked 
|  37|0x0000000084300000, 0x0000000084300000, 0x0000000084400000|  0%| F|  |TAMS 0x0000000084300000, 0x0000000084300000| Untracked 
|  38|0x0000000084400000, 0x0000000084400000, 0x0000000084500000|  0%| F|  |TAMS 0x0000000084400000, 0x0000000084400000| Untracked 
|  39|0x0000000084500000, 0x0000000084500000, 0x0000000084600000|  0%| F|  |TAMS 0x0000000084500000, 0x0000000084500000| Untracked 
|  40|0x0000000084600000, 0x0000000084600000, 0x0000000084700000|  0%| F|  |TAMS 0x0000000084600000, 0x0000000084600000| Untracked 
|  41|0x0000000084700000, 0x0000000084700000, 0x0000000084800000|  0%| F|  |TAMS 0x0000000084700000, 0x0000000084700000| Untracked 
|  42|0x0000000084800000, 0x0000000084800000, 0x0000000084900000|  0%| F|  |TAMS 0x0000000084800000, 0x0000000084800000| Untracked 
|  43|0x0000000084900000, 0x0000000084900000, 0x0000000084a00000|  0%| F|  |TAMS 0x0000000084900000, 0x0000000084900000| Untracked 
|  44|0x0000000084a00000, 0x0000000084a00000, 0x0000000084b00000|  0%| F|  |TAMS 0x0000000084a00000, 0x0000000084a00000| Untracked 
|  45|0x0000000084b00000, 0x0000000084b00000, 0x0000000084c00000|  0%| F|  |TAMS 0x0000000084b00000, 0x0000000084b00000| Untracked 
|  46|0x0000000084c00000, 0x0000000084c00000, 0x0000000084d00000|  0%| F|  |TAMS 0x0000000084c00000, 0x0000000084c00000| Untracked 
|  47|0x0000000084d00000, 0x0000000084d00000, 0x0000000084e00000|  0%| F|  |TAMS 0x0000000084d00000, 0x0000000084d00000| Untracked 
|  48|0x0000000084e00000, 0x0000000084e00000, 0x0000000084f00000|  0%| F|  |TAMS 0x0000000084e00000, 0x0000000084e00000| Untracked 
|  49|0x0000000084f00000, 0x0000000084f00000, 0x0000000085000000|  0%| F|  |TAMS 0x0000000084f00000, 0x0000000084f00000| Untracked 
|  50|0x0000000085000000, 0x0000000085000000, 0x0000000085100000|  0%| F|  |TAMS 0x0000000085000000, 0x0000000085000000| Untracked 
|  51|0x0000000085100000, 0x0000000085100000, 0x0000000085200000|  0%| F|  |TAMS 0x0000000085100000, 0x0000000085100000| Untracked 
|  52|0x0000000085200000, 0x0000000085200000, 0x0000000085300000|  0%| F|  |TAMS 0x0000000085200000, 0x0000000085200000| Untracked 
|  53|0x0000000085300000, 0x0000000085300000, 0x0000000085400000|  0%| F|  |TAMS 0x0000000085300000, 0x0000000085300000| Untracked 
|  54|0x0000000085400000, 0x0000000085400000, 0x0000000085500000|  0%| F|  |TAMS 0x0000000085400000, 0x0000000085400000| Untracked 
|  55|0x0000000085500000, 0x0000000085500000, 0x0000000085600000|  0%| F|  |TAMS 0x0000000085500000, 0x0000000085500000| Untracked 
|  56|0x0000000085600000, 0x0000000085600000, 0x0000000085700000|  0%| F|  |TAMS 0x0000000085600000, 0x0000000085600000| Untracked 
|  57|0x0000000085700000, 0x0000000085700000, 0x0000000085800000|  0%| F|  |TAMS 0x0000000085700000, 0x0000000085700000| Untracked 
|  58|0x0000000085800000, 0x0000000085800000, 0x0000000085900000|  0%| F|  |TAMS 0x0000000085800000, 0x0000000085800000| Untracked 
|  59|0x0000000085900000, 0x0000000085900000, 0x0000000085a00000|  0%| F|  |TAMS 0x0000000085900000, 0x0000000085900000| Untracked 
|  60|0x0000000085a00000, 0x0000000085a00000, 0x0000000085b00000|  0%| F|  |TAMS 0x0000000085a00000, 0x0000000085a00000| Untracked 
|  61|0x0000000085b00000, 0x0000000085b00000, 0x0000000085c00000|  0%| F|  |TAMS 0x0000000085b00000, 0x0000000085b00000| Untracked 
|  62|0x0000000085c00000, 0x0000000085c00000, 0x0000000085d00000|  0%| F|  |TAMS 0x0000000085c00000, 0x0000000085c00000| Untracked 
|  63|0x0000000085d00000, 0x0000000085d00000, 0x0000000085e00000|  0%| F|  |TAMS 0x0000000085d00000, 0x0000000085d00000| Untracked 
|  64|0x0000000085e00000, 0x0000000085e00000, 0x0000000085f00000|  0%| F|  |TAMS 0x0000000085e00000, 0x0000000085e00000| Untracked 
|  65|0x0000000085f00000, 0x0000000085f00000, 0x0000000086000000|  0%| F|  |TAMS 0x0000000085f00000, 0x0000000085f00000| Untracked 
|  66|0x0000000086000000, 0x0000000086000000, 0x0000000086100000|  0%| F|  |TAMS 0x0000000086000000, 0x0000000086000000| Untracked 
|  67|0x0000000086100000, 0x0000000086100000, 0x0000000086200000|  0%| F|  |TAMS 0x0000000086100000, 0x0000000086100000| Untracked 
|  68|0x0000000086200000, 0x0000000086200000, 0x0000000086300000|  0%| F|  |TAMS 0x0000000086200000, 0x0000000086200000| Untracked 
|  69|0x0000000086300000, 0x0000000086300000, 0x0000000086400000|  0%| F|  |TAMS 0x0000000086300000, 0x0000000086300000| Untracked 
|  70|0x0000000086400000, 0x0000000086400000, 0x0000000086500000|  0%| F|  |TAMS 0x0000000086400000, 0x0000000086400000| Untracked 
|  71|0x0000000086500000, 0x0000000086500000, 0x0000000086600000|  0%| F|  |TAMS 0x0000000086500000, 0x0000000086500000| Untracked 
|  72|0x0000000086600000, 0x0000000086600000, 0x0000000086700000|  0%| F|  |TAMS 0x0000000086600000, 0x0000000086600000| Untracked 
|  73|0x0000000086700000, 0x0000000086700000, 0x0000000086800000|  0%| F|  |TAMS 0x0000000086700000, 0x0000000086700000| Untracked 
|  74|0x0000000086800000, 0x0000000086800000, 0x0000000086900000|  0%| F|  |TAMS 0x0000000086800000, 0x0000000086800000| Untracked 
|  75|0x0000000086900000, 0x0000000086900000, 0x0000000086a00000|  0%| F|  |TAMS 0x0000000086900000, 0x0000000086900000| Untracked 
|  76|0x0000000086a00000, 0x0000000086a00000, 0x0000000086b00000|  0%| F|  |TAMS 0x0000000086a00000, 0x0000000086a00000| Untracked 
|  77|0x0000000086b00000, 0x0000000086b00000, 0x0000000086c00000|  0%| F|  |TAMS 0x0000000086b00000, 0x0000000086b00000| Untracked 
|  78|0x0000000086c00000, 0x0000000086c00000, 0x0000000086d00000|  0%| F|  |TAMS 0x0000000086c00000, 0x0000000086c00000| Untracked 
|  79|0x0000000086d00000, 0x0000000086d00000, 0x0000000086e00000|  0%| F|  |TAMS 0x0000000086d00000, 0x0000000086d00000| Untracked 
|  80|0x0000000086e00000, 0x0000000086e00000, 0x0000000086f00000|  0%| F|  |TAMS 0x0000000086e00000, 0x0000000086e00000| Untracked 
|  81|0x0000000086f00000, 0x0000000086f00000, 0x0000000087000000|  0%| F|  |TAMS 0x0000000086f00000, 0x0000000086f00000| Untracked 
|  82|0x0000000087000000, 0x0000000087000000, 0x0000000087100000|  0%| F|  |TAMS 0x0000000087000000, 0x0000000087000000| Untracked 
|  83|0x0000000087100000, 0x0000000087100000, 0x0000000087200000|  0%| F|  |TAMS 0x0000000087100000, 0x0000000087100000| Untracked 
|  84|0x0000000087200000, 0x0000000087200000, 0x0000000087300000|  0%| F|  |TAMS 0x0000000087200000, 0x0000000087200000| Untracked 
|  85|0x0000000087300000, 0x0000000087300000, 0x0000000087400000|  0%| F|  |TAMS 0x0000000087300000, 0x0000000087300000| Untracked 
|  86|0x0000000087400000, 0x0000000087400000, 0x0000000087500000|  0%| F|  |TAMS 0x0000000087400000, 0x0000000087400000| Untracked 
|  87|0x0000000087500000, 0x0000000087500000, 0x0000000087600000|  0%| F|  |TAMS 0x0000000087500000, 0x0000000087500000| Untracked 
|  88|0x0000000087600000, 0x0000000087600000, 0x0000000087700000|  0%| F|  |TAMS 0x0000000087600000, 0x0000000087600000| Untracked 
|  89|0x0000000087700000, 0x0000000087700000, 0x0000000087800000|  0%| F|  |TAMS 0x0000000087700000, 0x0000000087700000| Untracked 
|  90|0x0000000087800000, 0x0000000087800000, 0x0000000087900000|  0%| F|  |TAMS 0x0000000087800000, 0x0000000087800000| Untracked 
|  91|0x0000000087900000, 0x0000000087900000, 0x0000000087a00000|  0%| F|  |TAMS 0x0000000087900000, 0x0000000087900000| Untracked 
|  92|0x0000000087a00000, 0x0000000087a00000, 0x0000000087b00000|  0%| F|  |TAMS 0x0000000087a00000, 0x0000000087a00000| Untracked 
|  93|0x0000000087b00000, 0x0000000087b00000, 0x0000000087c00000|  0%| F|  |TAMS 0x0000000087b00000, 0x0000000087b00000| Untracked 
|  94|0x0000000087c00000, 0x0000000087c00000, 0x0000000087d00000|  0%| F|  |TAMS 0x0000000087c00000, 0x0000000087c00000| Untracked 
|  95|0x0000000087d00000, 0x0000000087d00000, 0x0000000087e00000|  0%| F|  |TAMS 0x0000000087d00000, 0x0000000087d00000| Untracked 
|  96|0x0000000087e00000, 0x0000000087e00000, 0x0000000087f00000|  0%| F|  |TAMS 0x0000000087e00000, 0x0000000087e00000| Untracked 
|  97|0x0000000087f00000, 0x0000000087f80a88, 0x0000000088000000| 50%| E|  |TAMS 0x0000000087f00000, 0x0000000087f00000| Complete 
|  98|0x0000000088000000, 0x0000000088100000, 0x0000000088100000|100%| E|CS|TAMS 0x0000000088000000, 0x0000000088000000| Complete 
|  99|0x0000000088100000, 0x0000000088200000, 0x0000000088200000|100%| E|CS|TAMS 0x0000000088100000, 0x0000000088100000| Complete 
| 100|0x0000000088200000, 0x0000000088300000, 0x0000000088300000|100%| E|CS|TAMS 0x0000000088200000, 0x0000000088200000| Complete 
| 101|0x0000000088300000, 0x0000000088400000, 0x0000000088400000|100%| E|CS|TAMS 0x0000000088300000, 0x0000000088300000| Complete 
| 102|0x0000000088400000, 0x0000000088500000, 0x0000000088500000|100%| E|CS|TAMS 0x0000000088400000, 0x0000000088400000| Complete 
| 103|0x0000000088500000, 0x0000000088600000, 0x0000000088600000|100%| E|CS|TAMS 0x0000000088500000, 0x0000000088500000| Complete 
| 104|0x0000000088600000, 0x00000000886d8cc0, 0x0000000088700000| 84%| S|CS|TAMS 0x0000000088600000, 0x0000000088600000| Complete 
| 105|0x0000000088700000, 0x0000000088800000, 0x0000000088800000|100%| S|CS|TAMS 0x0000000088700000, 0x0000000088700000| Complete 
| 106|0x0000000088800000, 0x0000000088900000, 0x0000000088900000|100%| S|CS|TAMS 0x0000000088800000, 0x0000000088800000| Complete 
| 107|0x0000000088900000, 0x0000000088a00000, 0x0000000088a00000|100%| E|CS|TAMS 0x0000000088900000, 0x0000000088900000| Complete 
| 108|0x0000000088a00000, 0x0000000088b00000, 0x0000000088b00000|100%| E|CS|TAMS 0x0000000088a00000, 0x0000000088a00000| Complete 
| 109|0x0000000088b00000, 0x0000000088c00000, 0x0000000088c00000|100%| E|CS|TAMS 0x0000000088b00000, 0x0000000088b00000| Complete 
| 110|0x0000000088c00000, 0x0000000088d00000, 0x0000000088d00000|100%| E|CS|TAMS 0x0000000088c00000, 0x0000000088c00000| Complete 
| 111|0x0000000088d00000, 0x0000000088e00000, 0x0000000088e00000|100%| E|CS|TAMS 0x0000000088d00000, 0x0000000088d00000| Complete 
| 112|0x0000000088e00000, 0x0000000088f00000, 0x0000000088f00000|100%| E|CS|TAMS 0x0000000088e00000, 0x0000000088e00000| Complete 
| 113|0x0000000088f00000, 0x0000000089000000, 0x0000000089000000|100%| E|CS|TAMS 0x0000000088f00000, 0x0000000088f00000| Complete 
| 114|0x0000000089000000, 0x0000000089100000, 0x0000000089100000|100%| E|CS|TAMS 0x0000000089000000, 0x0000000089000000| Complete 
| 115|0x0000000089100000, 0x0000000089200000, 0x0000000089200000|100%| E|CS|TAMS 0x0000000089100000, 0x0000000089100000| Complete 
| 116|0x0000000089200000, 0x0000000089300000, 0x0000000089300000|100%| E|CS|TAMS 0x0000000089200000, 0x0000000089200000| Complete 
| 117|0x0000000089300000, 0x0000000089400000, 0x0000000089400000|100%| E|CS|TAMS 0x0000000089300000, 0x0000000089300000| Complete 
| 118|0x0000000089400000, 0x0000000089500000, 0x0000000089500000|100%| E|CS|TAMS 0x0000000089400000, 0x0000000089400000| Complete 
| 119|0x0000000089500000, 0x0000000089600000, 0x0000000089600000|100%| E|CS|TAMS 0x0000000089500000, 0x0000000089500000| Complete 
| 120|0x0000000089600000, 0x0000000089700000, 0x0000000089700000|100%| E|CS|TAMS 0x0000000089600000, 0x0000000089600000| Complete 
| 121|0x0000000089700000, 0x0000000089800000, 0x0000000089800000|100%| E|CS|TAMS 0x0000000089700000, 0x0000000089700000| Complete 
| 122|0x0000000089800000, 0x0000000089900000, 0x0000000089900000|100%| E|CS|TAMS 0x0000000089800000, 0x0000000089800000| Complete 
| 123|0x0000000089900000, 0x0000000089a00000, 0x0000000089a00000|100%| E|CS|TAMS 0x0000000089900000, 0x0000000089900000| Complete 
| 124|0x0000000089a00000, 0x0000000089b00000, 0x0000000089b00000|100%| E|CS|TAMS 0x0000000089a00000, 0x0000000089a00000| Complete 
| 125|0x0000000089b00000, 0x0000000089c00000, 0x0000000089c00000|100%| E|CS|TAMS 0x0000000089b00000, 0x0000000089b00000| Complete 
| 126|0x0000000089c00000, 0x0000000089d00000, 0x0000000089d00000|100%| E|CS|TAMS 0x0000000089c00000, 0x0000000089c00000| Complete 
| 127|0x0000000089d00000, 0x0000000089e00000, 0x0000000089e00000|100%| E|CS|TAMS 0x0000000089d00000, 0x0000000089d00000| Complete 

Card table byte_map: [0x000002b2ed8c0000,0x000002b2edcc0000] _byte_map_base: 0x000002b2ed4b1000

Marking Bits (Prev, Next): (CMBitMap*) 0x000002b2d6a4ef00, (CMBitMap*) 0x000002b2d6a4ef40
 Prev Bits: [0x000002b2ee0c0000, 0x000002b2f0048000)
 Next Bits: [0x000002b2f0050000, 0x000002b2f1fd8000)

Polling page: 0x000002b2d61d0000

Metaspace:

Usage:
  Non-class:     15.29 MB used.
      Class:      2.26 MB used.
       Both:     17.54 MB used.

Virtual space:
  Non-class space:       24.00 MB reserved,      15.44 MB ( 64%) committed,  3 nodes.
      Class space:        1.00 GB reserved,       2.38 MB ( <1%) committed,  1 nodes.
             Both:        1.02 GB reserved,      17.81 MB (  2%) committed. 

Chunk freelists:
   Non-Class:  3.91 MB
       Class:  1.60 MB
        Both:  5.50 MB

MaxMetaspaceSize: unlimited
CompressedClassSpaceSize: 1.00 GB
Initial GC threshold: 21.00 MB
Current GC threshold: 21.00 MB
CDS: on
MetaspaceReclaimPolicy: balanced
 - commit_granule_bytes: 65536.
 - commit_granule_words: 8192.
 - virtual_space_node_default_size: 1048576.
 - enlarge_chunks_in_place: 1.
 - new_chunks_are_fully_committed: 0.
 - uncommit_free_chunks: 1.
 - use_allocation_guard: 0.
 - handle_deallocations: 1.


Internal statistics:

num_allocs_failed_limit: 0.
num_arena_births: 308.
num_arena_deaths: 0.
num_vsnodes_births: 4.
num_vsnodes_deaths: 0.
num_space_committed: 285.
num_space_uncommitted: 0.
num_chunks_returned_to_freelist: 0.
num_chunks_taken_from_freelist: 825.
num_chunk_merges: 0.
num_chunk_splits: 524.
num_chunks_enlarged: 362.
num_purges: 0.
num_inconsistent_stats: 0.

CodeHeap 'non-profiled nmethods': size=120000Kb used=965Kb max_used=965Kb free=119034Kb
 bounds [0x000002b2e5f90000, 0x000002b2e6200000, 0x000002b2ed4c0000]
CodeHeap 'profiled nmethods': size=120000Kb used=4592Kb max_used=4592Kb free=115407Kb
 bounds [0x000002b2dea60000, 0x000002b2deee0000, 0x000002b2e5f90000]
CodeHeap 'non-nmethods': size=5760Kb used=1203Kb max_used=1258Kb free=4556Kb
 bounds [0x000002b2de4c0000, 0x000002b2de730000, 0x000002b2dea60000]
 total_blobs=2851 nmethods=2348 adapters=415
 compilation: enabled
              stopped_count=0, restarted_count=0
 full_count=0

Compilation events (20 events):
Event: 3.171 Thread 0x000002b2f44dcb00 2284       3       org.springframework.util.AntPathMatcher$AntPathStringMatcher::matchStrings (178 bytes)
Event: 3.173 Thread 0x000002b2f44dcb00 nmethod 2284 0x000002b2deeb1c90 code [0x000002b2deeb1f60, 0x000002b2deeb2c68]
Event: 3.173 Thread 0x000002b2f44dcb00 2282       3       java.lang.Character::codePointBefore (48 bytes)
Event: 3.173 Thread 0x000002b2f44dcb00 nmethod 2282 0x000002b2deeb3210 code [0x000002b2deeb3400, 0x000002b2deeb39d8]
Event: 3.173 Thread 0x000002b2f44dcb00 2281       3       java.util.zip.ZipEntry::<init> (84 bytes)
Event: 3.174 Thread 0x000002b2f44dcb00 nmethod 2281 0x000002b2deeb3b90 code [0x000002b2deeb3d80, 0x000002b2deeb4318]
Event: 3.174 Thread 0x000002b2f44dc060 nmethod 2232 0x000002b2e6078f90 code [0x000002b2e6079120, 0x000002b2e6079708]
Event: 3.174 Thread 0x000002b2f44dc060 2233       4       java.util.WeakHashMap::hash (28 bytes)
Event: 3.176 Thread 0x000002b2f44dc060 nmethod 2233 0x000002b2e6079890 code [0x000002b2e6079a20, 0x000002b2e6079b38]
Event: 3.176 Thread 0x000002b2f44dc060 2285       4       java.net.URLStreamHandler::setURL (73 bytes)
Event: 3.178 Thread 0x000002b2f44dcb00 2288       3       org.springframework.util.StringUtils::cleanPath (322 bytes)
Event: 3.185 Thread 0x000002b2f44dcb00 nmethod 2288 0x000002b2deeb4510 code [0x000002b2deeb4c20, 0x000002b2deeb8c18]
Event: 3.185 Thread 0x000002b2f44dcb00 2289       3       java.util.ArrayDeque::poll (5 bytes)
Event: 3.185 Thread 0x000002b2f44dcb00 nmethod 2289 0x000002b2deeba190 code [0x000002b2deeba320, 0x000002b2deeba4e8]
Event: 3.186 Thread 0x000002b2f44dcb00 2290       3       java.util.stream.ForEachOps$ForEachOp$OfRef::accept (11 bytes)
Event: 3.186 Thread 0x000002b2f44dcb00 nmethod 2290 0x000002b2deeba590 code [0x000002b2deeba740, 0x000002b2deeba908]
Event: 3.200 Thread 0x000002b2f44dcb00 2291   !   3       jdk.internal.loader.AbstractClassLoaderValue::get (21 bytes)
Event: 3.201 Thread 0x000002b2f44dcb00 nmethod 2291 0x000002b2deebaa10 code [0x000002b2deebac20, 0x000002b2deebb2e8]
Event: 3.201 Thread 0x000002b2f44dcb00 2292       3       java.lang.invoke.DelegatingMethodHandle::chooseDelegatingForm (24 bytes)
Event: 3.202 Thread 0x000002b2f44dcb00 nmethod 2292 0x000002b2deebb590 code [0x000002b2deebb740, 0x000002b2deebba88]

GC Heap History (6 events):
Event: 1.088 GC heap before
{Heap before GC invocations=0 (full 0):
 garbage-first heap   total 131072K, used 13312K [0x0000000081e00000, 0x0000000100000000)
  region size 1024K, 13 young (13312K), 0 survivors (0K)
 Metaspace       used 3001K, committed 3200K, reserved 1056768K
  class space    used 309K, committed 448K, reserved 1048576K
}
Event: 1.100 GC heap after
{Heap after GC invocations=1 (full 0):
 garbage-first heap   total 131072K, used 6301K [0x0000000081e00000, 0x0000000100000000)
  region size 1024K, 2 young (2048K), 2 survivors (2048K)
 Metaspace       used 3001K, committed 3200K, reserved 1056768K
  class space    used 309K, committed 448K, reserved 1048576K
}
Event: 1.488 GC heap before
{Heap before GC invocations=1 (full 0):
 garbage-first heap   total 131072K, used 16541K [0x0000000081e00000, 0x0000000100000000)
  region size 1024K, 12 young (12288K), 2 survivors (2048K)
 Metaspace       used 7051K, committed 7232K, reserved 1056768K
  class space    used 794K, committed 896K, reserved 1048576K
}
Event: 1.492 GC heap after
{Heap after GC invocations=2 (full 0):
 garbage-first heap   total 131072K, used 7904K [0x0000000081e00000, 0x0000000100000000)
  region size 1024K, 2 young (2048K), 2 survivors (2048K)
 Metaspace       used 7051K, committed 7232K, reserved 1056768K
  class space    used 794K, committed 896K, reserved 1048576K
}
Event: 2.373 GC heap before
{Heap before GC invocations=2 (full 0):
 garbage-first heap   total 131072K, used 26336K [0x0000000081e00000, 0x0000000100000000)
  region size 1024K, 21 young (21504K), 2 survivors (2048K)
 Metaspace       used 11853K, committed 12160K, reserved 1064960K
  class space    used 1437K, committed 1600K, reserved 1048576K
}
Event: 2.379 GC heap after
{Heap after GC invocations=3 (full 0):
 garbage-first heap   total 131072K, used 9380K [0x0000000081e00000, 0x0000000100000000)
  region size 1024K, 3 young (3072K), 3 survivors (3072K)
 Metaspace       used 11853K, committed 12160K, reserved 1064960K
  class space    used 1437K, committed 1600K, reserved 1048576K
}

Deoptimization events (20 events):
Event: 3.098 Thread 0x000002b2f65d5560 Uncommon trap: trap_request=0xffffff45 fr.pc=0x000002b2e6005874 relative=0x0000000000000254
Event: 3.098 Thread 0x000002b2f65d5560 Uncommon trap: reason=unstable_if action=reinterpret pc=0x000002b2e6005874 method=java.util.concurrent.ConcurrentHashMap.get(Ljava/lang/Object;)Ljava/lang/Object; @ 76 c2
Event: 3.098 Thread 0x000002b2f65d5560 DEOPT PACKING pc=0x000002b2e6005874 sp=0x000000cf5dffe090
Event: 3.098 Thread 0x000002b2f65d5560 DEOPT UNPACKING pc=0x000002b2de5123a3 sp=0x000000cf5dffe008 mode 2
Event: 3.104 Thread 0x000002b2f65d5560 Uncommon trap: trap_request=0xffffffde fr.pc=0x000002b2e6038738 relative=0x0000000000000838
Event: 3.104 Thread 0x000002b2f65d5560 Uncommon trap: reason=class_check action=maybe_recompile pc=0x000002b2e6038738 method=java.util.HashMap.putVal(ILjava/lang/Object;Ljava/lang/Object;ZZ)Ljava/lang/Object; @ 203 c2
Event: 3.104 Thread 0x000002b2f65d5560 DEOPT PACKING pc=0x000002b2e6038738 sp=0x000000cf5dffef30
Event: 3.104 Thread 0x000002b2f65d5560 DEOPT UNPACKING pc=0x000002b2de5123a3 sp=0x000000cf5dffee40 mode 2
Event: 3.129 Thread 0x000002b2f5d19800 Uncommon trap: trap_request=0xffffff45 fr.pc=0x000002b2e5fc70d0 relative=0x00000000000010f0
Event: 3.129 Thread 0x000002b2f5d19800 Uncommon trap: reason=unstable_if action=reinterpret pc=0x000002b2e5fc70d0 method=java.util.zip.ZipCoder.hash(Ljava/lang/String;)I @ 23 c2
Event: 3.129 Thread 0x000002b2f5d19800 DEOPT PACKING pc=0x000002b2e5fc70d0 sp=0x000000cf5dafd800
Event: 3.129 Thread 0x000002b2f5d19800 DEOPT UNPACKING pc=0x000002b2de5123a3 sp=0x000000cf5dafd6b0 mode 2
Event: 3.129 Thread 0x000002b2f5d19800 Uncommon trap: trap_request=0xffffff45 fr.pc=0x000002b2e5fc1cd4 relative=0x00000000000005f4
Event: 3.129 Thread 0x000002b2f5d19800 Uncommon trap: reason=unstable_if action=reinterpret pc=0x000002b2e5fc1cd4 method=java.util.zip.ZipCoder.hash(Ljava/lang/String;)I @ 23 c2
Event: 3.129 Thread 0x000002b2f5d19800 DEOPT PACKING pc=0x000002b2e5fc1cd4 sp=0x000000cf5dafd770
Event: 3.129 Thread 0x000002b2f5d19800 DEOPT UNPACKING pc=0x000002b2de5123a3 sp=0x000000cf5dafd6a0 mode 2
Event: 3.129 Thread 0x000002b2f5d19800 Uncommon trap: trap_request=0xffffff45 fr.pc=0x000002b2e5fbc8c8 relative=0x0000000000000228
Event: 3.129 Thread 0x000002b2f5d19800 Uncommon trap: reason=unstable_if action=reinterpret pc=0x000002b2e5fbc8c8 method=java.util.zip.ZipCoder.hash(Ljava/lang/String;)I @ 23 c2
Event: 3.129 Thread 0x000002b2f5d19800 DEOPT PACKING pc=0x000002b2e5fbc8c8 sp=0x000000cf5dafd700
Event: 3.129 Thread 0x000002b2f5d19800 DEOPT UNPACKING pc=0x000002b2de5123a3 sp=0x000000cf5dafd698 mode 2

Classes unloaded (0 events):
No events

Classes redefined (0 events):
No events

Internal exceptions (20 events):
Event: 2.006 Thread 0x000002b2f5d19800 Exception <a 'java/lang/NoSuchMethodError'{0x0000000088e15718}: 'java.lang.Object java.lang.invoke.DirectMethodHandle$Holder.newInvokeSpecial(java.lang.Object, java.lang.Object, java.lang.Object, java.lang.Object, java.lang.Object, java.lang.Object, int)'> (0x0000000088e15718) 
thrown [e:\jenkins\tmp\workspace\build\src\src\hotspot\share\interpreter\linkResolver.cpp, line 766]
Event: 2.006 Thread 0x000002b2f5d19800 Exception <a 'java/lang/NoSuchMethodError'{0x0000000088e1a758}: 'java.lang.Object java.lang.invoke.DirectMethodHandle$Holder.invokeSpecial(java.lang.Object, java.lang.Object, java.lang.Object, java.lang.Object, java.lang.Object, java.lang.Object, java.lang.Object, int)'> (0x0000000088e1a758) 
thrown [e:\jenkins\tmp\workspace\build\src\src\hotspot\share\interpreter\linkResolver.cpp, line 766]
Event: 2.121 Thread 0x000002b2f5d19800 Exception <a 'java/lang/NoSuchMethodError'{0x0000000088c88d88}: 'java.lang.Object java.lang.invoke.DirectMethodHandle$Holder.invokeSpecial(java.lang.Object, java.lang.Object, java.lang.Object, int, java.lang.Object)'> (0x0000000088c88d88) 
thrown [e:\jenkins\tmp\workspace\build\src\src\hotspot\share\interpreter\linkResolver.cpp, line 766]
Event: 2.122 Thread 0x000002b2f5d19800 Exception <a 'java/lang/NoSuchMethodError'{0x0000000088c912f0}: 'java.lang.Object java.lang.invoke.DirectMethodHandle$Holder.newInvokeSpecial(java.lang.Object, java.lang.Object, java.lang.Object, int, java.lang.Object)'> (0x0000000088c912f0) 
thrown [e:\jenkins\tmp\workspace\build\src\src\hotspot\share\interpreter\linkResolver.cpp, line 766]
Event: 2.123 Thread 0x000002b2f5d19800 Exception <a 'java/lang/NoSuchMethodError'{0x0000000088c98f78}: 'java.lang.Object java.lang.invoke.Invokers$Holder.linkToTargetMethod(java.lang.Object, java.lang.Object, int, java.lang.Object, java.lang.Object)'> (0x0000000088c98f78) 
thrown [e:\jenkins\tmp\workspace\build\src\src\hotspot\share\interpreter\linkResolver.cpp, line 766]
Event: 2.125 Thread 0x000002b2f5d19800 Exception <a 'java/lang/NoSuchMethodError'{0x0000000088ca84c0}: 'java.lang.Object java.lang.invoke.DirectMethodHandle$Holder.newInvokeSpecial(java.lang.Object, int, java.lang.Object)'> (0x0000000088ca84c0) 
thrown [e:\jenkins\tmp\workspace\build\src\src\hotspot\share\interpreter\linkResolver.cpp, line 766]
Event: 2.127 Thread 0x000002b2f5d19800 Exception <a 'java/lang/NoSuchMethodError'{0x0000000088cacc40}: 'int java.lang.invoke.DirectMethodHandle$Holder.invokeSpecialIFC(java.lang.Object, java.lang.Object, java.lang.Object, java.lang.Object)'> (0x0000000088cacc40) 
thrown [e:\jenkins\tmp\workspace\build\src\src\hotspot\share\interpreter\linkResolver.cpp, line 766]
Event: 2.176 Thread 0x000002b2f5d19800 Exception <a 'java/lang/NoSuchMethodError'{0x0000000088bb9d90}: 'void java.lang.invoke.DirectMethodHandle$Holder.invokeInterface(java.lang.Object, java.lang.Object, java.lang.Object)'> (0x0000000088bb9d90) 
thrown [e:\jenkins\tmp\workspace\build\src\src\hotspot\share\interpreter\linkResolver.cpp, line 766]
Event: 2.236 Thread 0x000002b2f5d19800 Exception <a 'java/lang/NoSuchMethodError'{0x0000000088a5a5d0}: 'void java.lang.invoke.DirectMethodHandle$Holder.invokeStaticInit(java.lang.Object, java.lang.Object)'> (0x0000000088a5a5d0) 
thrown [e:\jenkins\tmp\workspace\build\src\src\hotspot\share\interpreter\linkResolver.cpp, line 766]
Event: 2.243 Thread 0x000002b2f5d19800 Exception <a 'java/lang/NoSuchMethodError'{0x0000000088a67f28}: 'void java.lang.invoke.DirectMethodHandle$Holder.invokeStaticInit(java.lang.Object, java.lang.Object, java.lang.Object)'> (0x0000000088a67f28) 
thrown [e:\jenkins\tmp\workspace\build\src\src\hotspot\share\interpreter\linkResolver.cpp, line 766]
Event: 2.266 Thread 0x000002b2f5d19800 Exception <a 'java/lang/NoSuchMethodError'{0x0000000088aa55a8}: 'java.lang.Object java.lang.invoke.DirectMethodHandle$Holder.invokeStatic(java.lang.Object, java.lang.Object, long, java.lang.Object)'> (0x0000000088aa55a8) 
thrown [e:\jenkins\tmp\workspace\build\src\src\hotspot\share\interpreter\linkResolver.cpp, line 766]
Event: 2.266 Thread 0x000002b2f5d19800 Exception <a 'java/lang/NoSuchMethodError'{0x0000000088aa9040}: 'java.lang.Object java.lang.invoke.DirectMethodHandle$Holder.invokeStaticInit(java.lang.Object, java.lang.Object, long, java.lang.Object)'> (0x0000000088aa9040) 
thrown [e:\jenkins\tmp\workspace\build\src\src\hotspot\share\interpreter\linkResolver.cpp, line 766]
Event: 2.267 Thread 0x000002b2f5d19800 Exception <a 'java/lang/NoSuchMethodError'{0x0000000088aaf650}: 'java.lang.Object java.lang.invoke.DirectMethodHandle$Holder.newInvokeSpecial(java.lang.Object, java.lang.Object, long)'> (0x0000000088aaf650) 
thrown [e:\jenkins\tmp\workspace\build\src\src\hotspot\share\interpreter\linkResolver.cpp, line 766]
Event: 2.303 Thread 0x000002b2f5d19800 Exception <a 'java/lang/NoSuchMethodError'{0x0000000088905c80}: 'void java.lang.invoke.DirectMethodHandle$Holder.invokeVirtual(java.lang.Object, java.lang.Object, java.lang.Object, java.lang.Object)'> (0x0000000088905c80) 
thrown [e:\jenkins\tmp\workspace\build\src\src\hotspot\share\interpreter\linkResolver.cpp, line 766]
Event: 2.410 Thread 0x000002b2f5d19800 Exception <a 'java/lang/NoSuchMethodError'{0x0000000089db4fa0}: 'void java.lang.invoke.DirectMethodHandle$Holder.invokeSpecial(java.lang.Object, java.lang.Object, java.lang.Object)'> (0x0000000089db4fa0) 
thrown [e:\jenkins\tmp\workspace\build\src\src\hotspot\share\interpreter\linkResolver.cpp, line 766]
Event: 2.412 Thread 0x000002b2f5d19800 Exception <a 'java/lang/NoSuchMethodError'{0x0000000089dbb4e8}: 'void java.lang.invoke.DirectMethodHandle$Holder.invokeSpecial(java.lang.Object, java.lang.Object, java.lang.Object, java.lang.Object, java.lang.Object)'> (0x0000000089dbb4e8) 
thrown [e:\jenkins\tmp\workspace\build\src\src\hotspot\share\interpreter\linkResolver.cpp, line 766]
Event: 2.432 Thread 0x000002b2f5d19800 Exception <a 'java/lang/IncompatibleClassChangeError'{0x0000000089dec998}: Found class java.lang.Object, but interface was expected> (0x0000000089dec998) 
thrown [e:\jenkins\tmp\workspace\build\src\src\hotspot\share\interpreter\linkResolver.cpp, line 833]
Event: 3.135 Thread 0x000002b2f5d19800 Exception <a 'sun/nio/fs/WindowsException'{0x00000000885dcfd0}> (0x00000000885dcfd0) 
thrown [e:\jenkins\tmp\workspace\build\src\src\hotspot\share\prims\jni.cpp, line 516]
Event: 3.136 Thread 0x000002b2f5d19800 Exception <a 'java/lang/NoSuchMethodError'{0x00000000884af720}: 'int java.lang.invoke.DirectMethodHandle$Holder.invokeSpecial(java.lang.Object, java.lang.Object, java.lang.Object, java.lang.Object, java.lang.Object)'> (0x00000000884af720) 
thrown [e:\jenkins\tmp\workspace\build\src\src\hotspot\share\interpreter\linkResolver.cpp, line 766]
Event: 3.142 Thread 0x000002b2f5d19800 Exception <a 'java/lang/NoSuchMethodError'{0x00000000884b8458}: 'void java.lang.invoke.DirectMethodHandle$Holder.invokeVirtual(java.lang.Object, java.lang.Object)'> (0x00000000884b8458) 
thrown [e:\jenkins\tmp\workspace\build\src\src\hotspot\share\interpreter\linkResolver.cpp, line 766]

VM Operations (20 events):
Event: 1.715 Executing VM operation: HandshakeAllThreads
Event: 1.715 Executing VM operation: HandshakeAllThreads done
Event: 2.074 Executing VM operation: HandshakeAllThreads
Event: 2.074 Executing VM operation: HandshakeAllThreads done
Event: 2.134 Executing VM operation: ICBufferFull
Event: 2.134 Executing VM operation: ICBufferFull done
Event: 2.373 Executing VM operation: G1CollectForAllocation
Event: 2.379 Executing VM operation: G1CollectForAllocation done
Event: 2.405 Executing VM operation: HandshakeAllThreads
Event: 2.405 Executing VM operation: HandshakeAllThreads done
Event: 2.405 Executing VM operation: HandshakeAllThreads
Event: 2.405 Executing VM operation: HandshakeAllThreads done
Event: 2.655 Executing VM operation: HandshakeAllThreads
Event: 2.655 Executing VM operation: HandshakeAllThreads done
Event: 3.002 Executing VM operation: HandshakeAllThreads
Event: 3.002 Executing VM operation: HandshakeAllThreads done
Event: 3.083 Executing VM operation: HandshakeAllThreads
Event: 3.083 Executing VM operation: HandshakeAllThreads done
Event: 3.104 Executing VM operation: HandshakeAllThreads
Event: 3.104 Executing VM operation: HandshakeAllThreads done

Events (20 events):
Event: 3.153 loading class java/util/regex/Pattern$Loop
Event: 3.153 loading class java/util/regex/Pattern$Loop done
Event: 3.153 loading class java/util/regex/Pattern$LazyLoop done
Event: 3.153 loading class java/util/regex/Pattern$Prolog
Event: 3.153 loading class java/util/regex/Pattern$Prolog done
Event: 3.192 loading class javax/xml/transform/Result
Event: 3.192 loading class javax/xml/transform/Result done
Event: 3.193 loading class java/io/StringReader
Event: 3.193 loading class java/io/StringReader done
Event: 3.196 loading class sun/invoke/util/VerifyAccess$1
Event: 3.196 loading class sun/invoke/util/VerifyAccess$1 done
Event: 3.197 loading class javax/xml/transform/TransformerFactory
Event: 3.197 loading class javax/xml/transform/TransformerFactory done
Event: 3.197 loading class javax/xml/transform/FactoryFinder
Event: 3.197 loading class javax/xml/transform/FactoryFinder done
Event: 3.198 loading class jdk/xml/internal/SecuritySupport
Event: 3.198 loading class jdk/xml/internal/SecuritySupport done
Event: 3.200 loading class javax/xml/transform/FactoryFinder$1
Event: 3.200 loading class javax/xml/transform/FactoryFinder$1 done
Event: 3.202 loading class com/sun/org/apache/xalan/internal/xsltc/trax/TransformerFactoryImpl


Dynamic libraries:
0x00007ff6bc340000 - 0x00007ff6bc34e000 	C:\Program Files\Eclipse Adoptium\jdk-17.0.2.8-hotspot\bin\java.exe
0x00007ff9e4810000 - 0x00007ff9e4a07000 	C:\WINDOWS\SYSTEM32\ntdll.dll
0x00007ff9e4710000 - 0x00007ff9e47cd000 	C:\WINDOWS\System32\KERNEL32.DLL
0x00007ff9e2570000 - 0x00007ff9e2866000 	C:\WINDOWS\System32\KERNELBASE.dll
0x00007ff9e2380000 - 0x00007ff9e2480000 	C:\WINDOWS\System32\ucrtbase.dll
0x00007ff9dc5c0000 - 0x00007ff9dc5d9000 	C:\Program Files\Eclipse Adoptium\jdk-17.0.2.8-hotspot\bin\VCRUNTIME140.dll
0x00007ff9dc400000 - 0x00007ff9dc418000 	C:\Program Files\Eclipse Adoptium\jdk-17.0.2.8-hotspot\bin\jli.dll
0x00007ff9e4280000 - 0x00007ff9e441e000 	C:\WINDOWS\System32\USER32.dll
0x00007ff9e1f90000 - 0x00007ff9e1fb2000 	C:\WINDOWS\System32\win32u.dll
0x00007ff9e2ae0000 - 0x00007ff9e2b0c000 	C:\WINDOWS\System32\GDI32.dll
0x00007ff9cf410000 - 0x00007ff9cf6aa000 	C:\WINDOWS\WinSxS\amd64_microsoft.windows.common-controls_6595b64144ccf1df_6.0.19041.3570_none_60bb2a3971f3e41a\COMCTL32.dll
0x00007ff9e2a40000 - 0x00007ff9e2ade000 	C:\WINDOWS\System32\msvcrt.dll
0x00007ff9e1fc0000 - 0x00007ff9e20da000 	C:\WINDOWS\System32\gdi32full.dll
0x00007ff9e1ef0000 - 0x00007ff9e1f8d000 	C:\WINDOWS\System32\msvcp_win.dll
0x00007ff9e4680000 - 0x00007ff9e46b0000 	C:\WINDOWS\System32\IMM32.DLL
0x00007ff9dc5a0000 - 0x00007ff9dc5ac000 	C:\Program Files\Eclipse Adoptium\jdk-17.0.2.8-hotspot\bin\vcruntime140_1.dll
0x00007ff9c1ad0000 - 0x00007ff9c1b61000 	C:\Program Files\Eclipse Adoptium\jdk-17.0.2.8-hotspot\bin\msvcp140.dll
0x00007ff998ef0000 - 0x00007ff999b37000 	C:\Program Files\Eclipse Adoptium\jdk-17.0.2.8-hotspot\bin\server\jvm.dll
0x00007ff9e3f30000 - 0x00007ff9e3fde000 	C:\WINDOWS\System32\ADVAPI32.dll
0x00007ff9e29a0000 - 0x00007ff9e2a3c000 	C:\WINDOWS\System32\sechost.dll
0x00007ff9e2870000 - 0x00007ff9e2996000 	C:\WINDOWS\System32\RPCRT4.dll
0x00007ff9e3840000 - 0x00007ff9e3848000 	C:\WINDOWS\System32\PSAPI.DLL
0x00007ff9cf400000 - 0x00007ff9cf409000 	C:\WINDOWS\SYSTEM32\WSOCK32.dll
0x00007ff9ceae0000 - 0x00007ff9ceb07000 	C:\WINDOWS\SYSTEM32\WINMM.dll
0x00007ff9e4210000 - 0x00007ff9e427b000 	C:\WINDOWS\System32\WS2_32.dll
0x00007ff9dc470000 - 0x00007ff9dc47a000 	C:\WINDOWS\SYSTEM32\VERSION.dll
0x00007ff9dfd50000 - 0x00007ff9dfd62000 	C:\WINDOWS\SYSTEM32\kernel.appcore.dll
0x00007ff9dc580000 - 0x00007ff9dc58a000 	C:\Program Files\Eclipse Adoptium\jdk-17.0.2.8-hotspot\bin\jimage.dll
0x00007ff9cf210000 - 0x00007ff9cf3f4000 	C:\WINDOWS\SYSTEM32\DBGHELP.DLL
0x00007ff9ce8f0000 - 0x00007ff9ce924000 	C:\WINDOWS\SYSTEM32\dbgcore.DLL
0x00007ff9e22f0000 - 0x00007ff9e2372000 	C:\WINDOWS\System32\bcryptPrimitives.dll
0x00007ff9c3a70000 - 0x00007ff9c3a95000 	C:\Program Files\Eclipse Adoptium\jdk-17.0.2.8-hotspot\bin\java.dll
0x00007ff9b9200000 - 0x00007ff9b92d6000 	C:\Program Files\Eclipse Adoptium\jdk-17.0.2.8-hotspot\bin\jsvml.dll
0x00007ff9e3010000 - 0x00007ff9e3754000 	C:\WINDOWS\System32\SHELL32.dll
0x00007ff9dff50000 - 0x00007ff9e06eb000 	C:\WINDOWS\SYSTEM32\windows.storage.dll
0x00007ff9e39c0000 - 0x00007ff9e3d14000 	C:\WINDOWS\System32\combase.dll
0x00007ff9e1780000 - 0x00007ff9e17ad000 	C:\WINDOWS\SYSTEM32\Wldp.dll
0x00007ff9e45d0000 - 0x00007ff9e467d000 	C:\WINDOWS\System32\SHCORE.dll
0x00007ff9e3960000 - 0x00007ff9e39b5000 	C:\WINDOWS\System32\shlwapi.dll
0x00007ff9e1e20000 - 0x00007ff9e1e45000 	C:\WINDOWS\SYSTEM32\profapi.dll
0x00007ff9d5d90000 - 0x00007ff9d5da9000 	C:\Program Files\Eclipse Adoptium\jdk-17.0.2.8-hotspot\bin\net.dll
0x00007ff9d4d40000 - 0x00007ff9d4e4a000 	C:\WINDOWS\SYSTEM32\WINHTTP.dll
0x00007ff9e1560000 - 0x00007ff9e15ca000 	C:\WINDOWS\system32\mswsock.dll
0x00007ff9d3e90000 - 0x00007ff9d3ea5000 	C:\Program Files\Eclipse Adoptium\jdk-17.0.2.8-hotspot\bin\nio.dll
0x00007ff9d3110000 - 0x00007ff9d3128000 	C:\Program Files\Eclipse Adoptium\jdk-17.0.2.8-hotspot\bin\zip.dll
0x00007ff9e12b0000 - 0x00007ff9e137a000 	C:\WINDOWS\SYSTEM32\DNSAPI.dll
0x00007ff9e1270000 - 0x00007ff9e12ab000 	C:\WINDOWS\SYSTEM32\IPHLPAPI.DLL
0x00007ff9e3fe0000 - 0x00007ff9e3fe8000 	C:\WINDOWS\System32\NSI.dll
0x00007ff9d1cb0000 - 0x00007ff9d1cba000 	C:\Windows\System32\rasadhlp.dll
0x00007ff9d2240000 - 0x00007ff9d22c2000 	C:\WINDOWS\System32\fwpuclnt.dll
0x00007ff9e2540000 - 0x00007ff9e2567000 	C:\WINDOWS\System32\bcrypt.dll
0x00007ff9dc530000 - 0x00007ff9dc539000 	C:\Program Files\Eclipse Adoptium\jdk-17.0.2.8-hotspot\bin\management.dll
0x00007ff9d9dd0000 - 0x00007ff9d9ddb000 	C:\Program Files\Eclipse Adoptium\jdk-17.0.2.8-hotspot\bin\management_ext.dll
0x00007ff9e19a0000 - 0x00007ff9e19b8000 	C:\WINDOWS\SYSTEM32\CRYPTSP.dll
0x00007ff9e0e90000 - 0x00007ff9e0ec4000 	C:\WINDOWS\system32\rsaenh.dll
0x00007ff9e1de0000 - 0x00007ff9e1e0e000 	C:\WINDOWS\SYSTEM32\USERENV.dll
0x00007ff9e16f0000 - 0x00007ff9e16fc000 	C:\WINDOWS\SYSTEM32\CRYPTBASE.dll
0x00007ff9d4fd0000 - 0x00007ff9d4fe7000 	C:\WINDOWS\SYSTEM32\dhcpcsvc6.DLL
0x00007ff9d50a0000 - 0x00007ff9d50bd000 	C:\WINDOWS\SYSTEM32\dhcpcsvc.DLL

dbghelp: loaded successfully - version: 4.0.5 - missing functions: none
symbol engine: initialized successfully - sym options: 0x614 - pdb path: .;C:\Program Files\Eclipse Adoptium\jdk-17.0.2.8-hotspot\bin;C:\WINDOWS\SYSTEM32;C:\WINDOWS\WinSxS\amd64_microsoft.windows.common-controls_6595b64144ccf1df_6.0.19041.3570_none_60bb2a3971f3e41a;C:\Program Files\Eclipse Adoptium\jdk-17.0.2.8-hotspot\bin\server

VM Arguments:
jvm_args: -XX:+ShowCodeDetailsInExceptionMessages -Dspring.jmx.enabled=true -Dmanagement.endpoints.jmx.exposure.include=* -Dspring.application.admin.enabled=true -Dspring.boot.project.name=accenturetalenthub -Djava.rmi.server.hostname=localhost 
java_command: com.accenture.accenturetalenthub.AccenturetalenthubApplication
java_class_path (initial): C:\Users\Jhonnatas Mendona\Desktop\Residencia\AccentureTalentHub\target\classes;C:\Users\Jhonnatas Mendona\.m2\repository\org\springframework\boot\spring-boot-starter-actuator\3.1.5\spring-boot-starter-actuator-3.1.5.jar;C:\Users\Jhonnatas Mendona\.m2\repository\org\springframework\boot\spring-boot-starter\3.1.5\spring-boot-starter-3.1.5.jar;C:\Users\Jhonnatas Mendona\.m2\repository\org\springframework\boot\spring-boot-starter-logging\3.1.5\spring-boot-starter-logging-3.1.5.jar;C:\Users\Jhonnatas Mendona\.m2\repository\ch\qos\logback\logback-classic\1.4.11\logback-classic-1.4.11.jar;C:\Users\Jhonnatas Mendona\.m2\repository\ch\qos\logback\logback-core\1.4.11\logback-core-1.4.11.jar;C:\Users\Jhonnatas Mendona\.m2\repository\org\apache\logging\log4j\log4j-to-slf4j\2.20.0\log4j-to-slf4j-2.20.0.jar;C:\Users\Jhonnatas Mendona\.m2\repository\org\apache\logging\log4j\log4j-api\2.20.0\log4j-api-2.20.0.jar;C:\Users\Jhonnatas Mendona\.m2\repository\org\slf4j\jul-to-slf4j\2.0.9\jul-to-slf4j-2.0.9.jar;C:\Users\Jhonnatas Mendona\.m2\repository\jakarta\annotation\jakarta.annotation-api\2.1.1\jakarta.annotation-api-2.1.1.jar;C:\Users\Jhonnatas Mendona\.m2\repository\org\yaml\snakeyaml\1.33\snakeyaml-1.33.jar;C:\Users\Jhonnatas Mendona\.m2\repository\org\springframework\boot\spring-boot-actuator-autoconfigure\3.1.5\spring-boot-actuator-autoconfigure-3.1.5.jar;C:\Users\Jhonnatas Mendona\.m2\repository\org\springframework\boot\spring-boot-actuator\3.1.5\spring-boot-actuator-3.1.5.jar;C:\Users\Jhonnatas Mendona\.m2\repository\com\fasterxml\jackson\core\jackson-databind\2.15.3\jackson-databind-2.15.3.jar;C:\Users\Jhonnatas Mendona\.m2\repository\com\fasterxml\jackson\core\jackson-annotations\2.15.3\jackson-annotations-2.15.3.jar;C:\Users\Jhonnatas Mendona\.m2\repository\com\fasterxml\jackson\core\jackson-core\2.15.3\jackson-core-2.15.3.jar;C:\Users\Jhonnatas Mendona\.m2\repository\com\fasterxml\jackson\datatype\jackson-datatype-jsr310\2.15.
Launcher Type: SUN_STANDARD

[Global flags]
     intx CICompilerCount                          = 3                                         {product} {ergonomic}
     uint ConcGCThreads                            = 1                                         {product} {ergonomic}
     uint G1ConcRefinementThreads                  = 4                                         {product} {ergonomic}
   size_t G1HeapRegionSize                         = 1048576                                   {product} {ergonomic}
    uintx GCDrainStackTargetSize                   = 64                                        {product} {ergonomic}
   size_t InitialHeapSize                          = 134217728                                 {product} {ergonomic}
   size_t MarkStackSize                            = 4194304                                   {product} {ergonomic}
   size_t MaxHeapSize                              = 2116026368                                {product} {ergonomic}
   size_t MaxNewSize                               = 1268776960                                {product} {ergonomic}
   size_t MinHeapDeltaBytes                        = 1048576                                   {product} {ergonomic}
   size_t MinHeapSize                              = 8388608                                   {product} {ergonomic}
    uintx NonNMethodCodeHeapSize                   = 5832780                                {pd product} {ergonomic}
    uintx NonProfiledCodeHeapSize                  = 122912730                              {pd product} {ergonomic}
    uintx ProfiledCodeHeapSize                     = 122912730                              {pd product} {ergonomic}
    uintx ReservedCodeCacheSize                    = 251658240                              {pd product} {ergonomic}
     bool SegmentedCodeCache                       = true                                      {product} {ergonomic}
     bool ShowCodeDetailsInExceptionMessages       = true                                   {manageable} {command line}
   size_t SoftMaxHeapSize                          = 2116026368                             {manageable} {ergonomic}
     bool UseCompressedClassPointers               = true                           {product lp64_product} {ergonomic}
     bool UseCompressedOops                        = true                           {product lp64_product} {ergonomic}
     bool UseG1GC                                  = true                                      {product} {ergonomic}
     bool UseLargePagesIndividualAllocation        = false                                  {pd product} {ergonomic}

Logging:
Log output configuration:
 #0: stdout all=warning uptime,level,tags
 #1: stderr all=off uptime,level,tags

Environment Variables:
PATH=C:\Users\Jhonnatas Mendona\bin;C:\Program Files\Git\mingw64\bin;C:\Program Files\Git\usr\local\bin;C:\Program Files\Git\usr\bin;C:\Program Files\Git\usr\bin;C:\Program Files\Git\mingw64\bin;C:\Program Files\Git\usr\bin;C:\Users\Jhonnatas Mendona\bin;C:\Program Files\Eclipse Adoptium\jdk-17.0.2.8-hotspot\bin;C:\WINDOWS\system32;C:\WINDOWS;C:\WINDOWS\System32\Wbem;C:\WINDOWS\System32\WindowsPowerShell\v1.0;C:\WINDOWS\System32\OpenSSH;C:\Program Files\Git\cmd;C:\Program Files\nodejs;C:\Users\Jhonnatas Mendona\AppData\Local\Microsoft\WindowsApps;C:\Users\Jhonnatas Mendona\AppData\Local\Programs\Microsoft VS Code\bin;C:\Users\Jhonnatas Mendona\AppData\Roaming\npm;C:\Program Files\Git\usr\bin\vendor_perl;C:\Program Files\Git\usr\bin\core_perl
USERNAME=Jhonnatas Mendona
SHELL=C:\Program Files\Git\usr\bin\bash.exe
DISPLAY=needs-to-be-defined
LANG=pt_BR.UTF-8
LC_CTYPE=pt_BR.UTF-8
OS=Windows_NT
PROCESSOR_IDENTIFIER=Intel64 Family 6 Model 142 Stepping 9, GenuineIntel



---------------  S Y S T E M  ---------------

OS:
 Windows 10 , 64 bit Build 19041 (10.0.19041.3570)
OS uptime: 18 days 7:37 hours
Hyper-V role detected

CPU: total 4 (initial active 4) (2 cores per cpu, 2 threads per core) family 6 model 142 stepping 9 microcode 0xb4, cx8, cmov, fxsr, ht, mmx, 3dnowpref, sse, sse2, sse3, ssse3, sse4.1, sse4.2, popcnt, lzcnt, tsc, tscinvbit, avx, avx2, aes, erms, clmul, bmi1, bmi2, adx, fma, vzeroupper, clflush, clflushopt, hv

Memory: 4k page, system-wide physical 8067M (1231M free)
TotalPageFile size 11643M (AvailPageFile size 2223M)
current process WorkingSet (physical memory assigned to process): 127M, peak: 127M
current process commit charge ("private bytes"): 256M, peak: 256M

vm_info: OpenJDK 64-Bit Server VM (17.0.2+8) for windows-amd64 JRE (17.0.2+8), built on Jan 20 2022 04:52:34 by "" with MS VC++ 16.7 (VS2019)

END.
