#
# A fatal error has been detected by the Java Runtime Environment:
#
#  EXCEPTION_ACCESS_VIOLATION (0xc0000005) at pc=0x00007ff9994f7e0a, pid=10196, tid=9604
#
# JRE version: OpenJDK Runtime Environment Temurin-17.0.2+8 (17.0.2+8) (build 17.0.2+8)
# Java VM: OpenJDK 64-Bit Server VM Temurin-17.0.2+8 (17.0.2+8, mixed mode, sharing, tiered, compressed oops, compressed class ptrs, g1 gc, windows-amd64)
# Problematic frame:
# V  [jvm.dll+0x607e0a]
#
# No core dump will be written. Minidumps are not enabled by default on client versions of Windows
#
# If you would like to submit a bug report, please visit:
#   https://github.com/adoptium/adoptium-support/issues
#

---------------  S U M M A R Y ------------

Command Line: -XX:+ShowCodeDetailsInExceptionMessages -Dspring.jmx.enabled=true -Dmanagement.endpoints.jmx.exposure.include=* -Dspring.application.admin.enabled=true -Dspring.boot.project.name=accenturetalenthub -Djava.rmi.server.hostname=localhost com.accenture.accenturetalenthub.AccenturetalenthubApplication

Host: Intel(R) Core(TM) i3-7020U CPU @ 2.30GHz, 4 cores, 7G,  Windows 10 , 64 bit Build 19041 (10.0.19041.3570)
Time: Wed Nov 15 23:20:50 2023 Hora oficial do Brasil elapsed time: 1281.690636 seconds (0d 0h 21m 21s)

---------------  T H R E A D  ---------------

Current thread (0x000001b137288810):  JavaThread "C2 CompilerThread1" daemon [_thread_in_native, id=9604, stack(0x000000a74bc00000,0x000000a74bd00000)]


Current CompileTask:
C2:1281690 15133       4       org.springframework.boot.autoconfigure.condition.ConditionMessage$Style::applyTo (62 bytes)

Stack: [0x000000a74bc00000,0x000000a74bd00000],  sp=0x000000a74bcfbc90,  free space=1007k
Native frames: (J=compiled Java code, j=interpreted, Vv=VM code, C=native code)
V  [jvm.dll+0x607e0a]
V  [jvm.dll+0x606204]
V  [jvm.dll+0x217f48]
V  [jvm.dll+0x2174f1]
V  [jvm.dll+0x1a3a8d]
V  [jvm.dll+0x226ef8]
V  [jvm.dll+0x22503c]
V  [jvm.dll+0x7e596b]
V  [jvm.dll+0x7dff2a]
V  [jvm.dll+0x6744d5]
C  [ucrtbase.dll+0x21bb2]
C  [KERNEL32.DLL+0x17344]
C  [ntdll.dll+0x526b1]


siginfo: EXCEPTION_ACCESS_VIOLATION (0xc0000005), reading address 0x000001b138e40048


Register to memory mapping:

RIP=0x00007ff9994f7e0a jvm.dll
RAX=0x000001b13ce57dc0 points into unknown readable memory: 0x000001b138e40020 | 20 00 e4 38 b1 01 00 00
RBX=0x000001b138e40020 is an unknown value
RCX=0x0000000000000db1 is an unknown value
RDX=0x000001b1369ceb70 points into unknown readable memory: 0x00007ff999802948 | 48 29 80 99 f9 7f 00 00
RSP=0x000000a74bcfbc90 is pointing into the stack for thread: 0x000001b137288810
RBP=0x000000a74bcfbcd8 is pointing into the stack for thread: 0x000001b137288810
RSI=0xfffffffffffffff8 is an unknown value
RDI=0x000001b138e40020 is an unknown value
R8 =0x000001b1369ceb70 points into unknown readable memory: 0x00007ff999802948 | 48 29 80 99 f9 7f 00 00
R9 =0x000001b136ce2660 points into unknown readable memory: 0x0000000000000000 | 00 00 00 00 00 00 00 00
R10=0x0000000000000001 is an unknown value
R11=0x00007ff998ef0000 jvm.dll
R12=0x0 is NULL
R13=0x000000a74bcfc0c0 is pointing into the stack for thread: 0x000001b137288810
R14=0x000001b1369ceb70 points into unknown readable memory: 0x00007ff999802948 | 48 29 80 99 f9 7f 00 00
R15=0x000001b1369ceb70 points into unknown readable memory: 0x00007ff999802948 | 48 29 80 99 f9 7f 00 00


Registers:
RAX=0x000001b13ce57dc0, RBX=0x000001b138e40020, RCX=0x0000000000000db1, RDX=0x000001b1369ceb70
RSP=0x000000a74bcfbc90, RBP=0x000000a74bcfbcd8, RSI=0xfffffffffffffff8, RDI=0x000001b138e40020
R8 =0x000001b1369ceb70, R9 =0x000001b136ce2660, R10=0x0000000000000001, R11=0x00007ff998ef0000
R12=0x0000000000000000, R13=0x000000a74bcfc0c0, R14=0x000001b1369ceb70, R15=0x000001b1369ceb70
RIP=0x00007ff9994f7e0a, EFLAGS=0x0000000000010202

Top of Stack: (sp=0x000000a74bcfbc90)
0x000000a74bcfbc90:   fffffffffffffff8 0000000000000002
0x000000a74bcfbca0:   000001b1393799c8 000000a74bcfbcd8
0x000000a74bcfbcb0:   000001b13ce57dc0 000001b13ce77a90
0x000000a74bcfbcc0:   000001b13ce57990 000001b13b3f5be0
0x000000a74bcfbcd0:   000000a74bcfeb38 0000000000000000
0x000000a74bcfbce0:   0000000000000000 000000a74bcfc0c0
0x000000a74bcfbcf0:   000000a74bcfbd80 00007ff9994f6204
0x000000a74bcfbd00:   0000000000000004 00000000000012ce
0x000000a74bcfbd10:   000000a74bcfc0c0 000001b13e2c6c30
0x000000a74bcfbd20:   0000000000100000 0000000000000000
0x000000a74bcfbd30:   0000000000000000 0000000000000000
0x000000a74bcfbd40:   0000000000000000 0000000000000000
0x000000a74bcfbd50:   0000000000000000 0000000000000000
0x000000a74bcfbd60:   0000000000000000 0000000000000000
0x000000a74bcfbd70:   0000000000000000 0000000000000000
0x000000a74bcfbd80:   0000000000000000 000000a74bcfe8a0 

Instructions: (pc=0x00007ff9994f7e0a)
0x00007ff9994f7d0a:   4d 8b c5 48 8b d3 ff 90 c0 00 00 00 48 8b f8 48
0x00007ff9994f7d1a:   8b 40 08 48 83 38 00 74 1b 4c 8b c3 48 8b d7 49
0x00007ff9994f7d2a:   8b cd e8 5f 9c ff ff eb 0b 48 8b cb e8 55 9b 04
0x00007ff9994f7d3a:   00 48 8b f8 8b 73 28 41 3b 75 28 72 0b 8b d6 49
0x00007ff9994f7d4a:   8d 4d 20 e8 3e af 04 00 49 8b 45 30 48 89 3c f0
0x00007ff9994f7d5a:   49 8b 95 48 0a 00 00 48 85 d2 0f 84 96 00 00 00
0x00007ff9994f7d6a:   44 8b 4b 28 4d 8b 55 10 41 8b c9 c1 f9 08 3b 0a
0x00007ff9994f7d7a:   0f 89 80 00 00 00 48 8b 52 08 4c 63 c1 41 0f b6
0x00007ff9994f7d8a:   c9 4a 8b 04 c2 4c 8d 34 c8 4d 85 f6 74 68 4d 8b
0x00007ff9994f7d9a:   0e 4d 85 c9 74 60 44 8b 67 28 49 8b 9a f8 02 00
0x00007ff9994f7daa:   00 41 8b f4 c1 fe 08 48 85 db 75 04 33 c0 eb 02
0x00007ff9994f7dba:   8b 03 44 8b c6 44 2b c0 78 11 41 ff c0 48 8b d3
0x00007ff9994f7dca:   49 8b ca e8 de 69 c1 ff 4d 8b 0e 48 85 db 75 08
0x00007ff9994f7dda:   45 33 e4 41 8b c4 eb 16 48 8b 53 08 41 0f b6 cc
0x00007ff9994f7dea:   45 33 e4 4c 63 c6 4a 8b 04 c2 48 8d 04 c8 4d 85
0x00007ff9994f7dfa:   c9 74 03 4c 89 08 48 8b 45 d8 48 8b df 48 89 38
0x00007ff9994f7e0a:   44 8b 73 28 41 8b fe c1 ef 05 41 3b bd b8 09 00
0x00007ff9994f7e1a:   00 72 0e 8b d7 49 8d 8d b8 09 00 00 e8 35 14 21
0x00007ff9994f7e2a:   00 49 8b 85 c0 09 00 00 41 83 e6 1f 48 8d 14 b8
0x00007ff9994f7e3a:   41 0f b6 ce 41 b8 01 00 00 00 41 d3 e0 8b 0a 41
0x00007ff9994f7e4a:   8b c0 0b c1 89 02 44 85 c1 0f 85 52 03 00 00 41
0x00007ff9994f7e5a:   8b 7f 18 41 3b 7f 1c 73 6f 0f 1f 40 00 66 0f 1f
0x00007ff9994f7e6a:   84 00 00 00 00 00 49 8b 47 08 8b cf 48 8b 34 c8
0x00007ff9994f7e7a:   48 85 f6 74 53 48 8b 4d d8 48 83 c1 10 48 89 4d
0x00007ff9994f7e8a:   d8 48 8d 41 10 48 3b 45 e0 72 0d 48 8d 4d d8 e8
0x00007ff9994f7e9a:   82 ae 04 00 48 8b 4d d8 48 89 19 ff c7 48 8b 45
0x00007ff9994f7eaa:   d8 c7 40 08 ff ff ff ff 48 8b 45 d8 48 83 c0 10
0x00007ff9994f7eba:   48 89 45 d8 48 89 30 48 8b 45 d8 c7 40 08 01 00
0x00007ff9994f7eca:   00 00 41 3b 7f 1c 72 9e 8b 7b 1c 8b 73 18 ff cf
0x00007ff9994f7eda:   3b fe 0f 82 86 00 00 00 48 8b 43 08 48 8b 34 f8
0x00007ff9994f7eea:   48 85 f6 74 6c 49 8b 4d 10 48 8b d6 48 81 c1 68
0x00007ff9994f7efa:   02 00 00 e8 be 42 aa ff 84 c0 75 55 8b d7 48 8b 


Stack slot to memory mapping:
stack at sp + 0 slots: 0xfffffffffffffff8 is an unknown value
stack at sp + 1 slots: 0x0000000000000002 is an unknown value
stack at sp + 2 slots: 0x000001b1393799c8 points into unknown readable memory: 0x00007ff999802af0 | f0 2a 80 99 f9 7f 00 00
stack at sp + 3 slots: 0x000000a74bcfbcd8 is pointing into the stack for thread: 0x000001b137288810
stack at sp + 4 slots: 0x000001b13ce57dc0 points into unknown readable memory: 0x000001b138e40020 | 20 00 e4 38 b1 01 00 00
stack at sp + 5 slots: 0x000001b13ce77a90 points into unknown readable memory: 0x0000000000000000 | 00 00 00 00 00 00 00 00
stack at sp + 6 slots: 0x000001b13ce57990 points into unknown readable memory: 0x0000000000000000 | 00 00 00 00 00 00 00 00
stack at sp + 7 slots: 0x000001b13b3f5be0 points into unknown readable memory: 0x0000000000000006 | 06 00 00 00 00 00 00 00


---------------  P R O C E S S  ---------------

Threads class SMR info:
_java_thread_list=0x000001b136fc12f0, length=21, elements={
0x000001b135c05cf0, 0x000001b135c06b60, 0x000001b135c19760, 0x000001b135c1a310,
0x000001b135c1ccd0, 0x000001b135c1d680, 0x000001b135c1f0a0, 0x000001b135c2c340,
0x000001b135c37510, 0x000001b13689dad0, 0x000001b1368a69c0, 0x000001b13e47f7e0,
0x000001b13e480650, 0x000001b13e481990, 0x000001b13e4831a0, 0x000001b13e47dfd0,
0x000001b13e482800, 0x000001b13e484e80, 0x000001b13771ae20, 0x000001b137717e00,
0x000001b137288810
}

Java Threads: ( => current thread )
  0x000001b135c05cf0 JavaThread "Reference Handler" daemon [_thread_blocked, id=11136, stack(0x000000a74b000000,0x000000a74b100000)]
  0x000001b135c06b60 JavaThread "Finalizer" daemon [_thread_blocked, id=7120, stack(0x000000a74b100000,0x000000a74b200000)]
  0x000001b135c19760 JavaThread "Signal Dispatcher" daemon [_thread_blocked, id=15876, stack(0x000000a74b200000,0x000000a74b300000)]
  0x000001b135c1a310 JavaThread "Attach Listener" daemon [_thread_blocked, id=16952, stack(0x000000a74b300000,0x000000a74b400000)]
  0x000001b135c1ccd0 JavaThread "Service Thread" daemon [_thread_blocked, id=11496, stack(0x000000a74b400000,0x000000a74b500000)]
  0x000001b135c1d680 JavaThread "Monitor Deflation Thread" daemon [_thread_blocked, id=2220, stack(0x000000a74b500000,0x000000a74b600000)]
  0x000001b135c1f0a0 JavaThread "C2 CompilerThread0" daemon [_thread_blocked, id=7064, stack(0x000000a74b600000,0x000000a74b700000)]
  0x000001b135c2c340 JavaThread "C1 CompilerThread0" daemon [_thread_blocked, id=14612, stack(0x000000a74b700000,0x000000a74b800000)]
  0x000001b135c37510 JavaThread "Sweeper thread" daemon [_thread_blocked, id=9480, stack(0x000000a74b800000,0x000000a74b900000)]
  0x000001b13689dad0 JavaThread "Notification Thread" daemon [_thread_blocked, id=16948, stack(0x000000a74b900000,0x000000a74ba00000)]
  0x000001b1368a69c0 JavaThread "Common-Cleaner" daemon [_thread_blocked, id=3920, stack(0x000000a74bb00000,0x000000a74bc00000)]
  0x000001b13e47f7e0 JavaThread "Live Reload Server" daemon [_thread_in_native, id=10444, stack(0x000000a74cb00000,0x000000a74cc00000)]
  0x000001b13e480650 JavaThread "DestroyJavaVM" [_thread_blocked, id=8784, stack(0x000000a74a900000,0x000000a74aa00000)]
  0x000001b13e481990 JavaThread "File Watcher" daemon [_thread_in_native, id=1328, stack(0x000000a74a800000,0x000000a74a900000)]
  0x000001b13e4831a0 JavaThread "File Watcher" daemon [_thread_blocked, id=1772, stack(0x000000a74c000000,0x000000a74c100000)]
  0x000001b13e47dfd0 JavaThread "PostgreSQL-JDBC-Cleaner" daemon [_thread_blocked, id=17168, stack(0x000000a74c600000,0x000000a74c700000)]
  0x000001b13e482800 JavaThread "File Watcher" daemon [_thread_blocked, id=14516, stack(0x000000a74c200000,0x000000a74c300000)]
  0x000001b13e484e80 JavaThread "File Watcher" daemon [_thread_in_native, id=17340, stack(0x000000a74c300000,0x000000a74c400000)]
  0x000001b13771ae20 JavaThread "Thread-31" [_thread_blocked, id=6692, stack(0x000000a74a600000,0x000000a74a700000)]
  0x000001b137717e00 JavaThread "restartedMain" [_thread_in_Java, id=8020, stack(0x000000a74c100000,0x000000a74c200000)]
=>0x000001b137288810 JavaThread "C2 CompilerThread1" daemon [_thread_in_native, id=9604, stack(0x000000a74bc00000,0x000000a74bd00000)]

Other Threads:
  0x000001b135c000e0 VMThread "VM Thread" [stack: 0x000000a74af00000,0x000000a74b000000] [id=16356]
  0x000001b118215930 WatcherThread [stack: 0x000000a74ba00000,0x000000a74bb00000] [id=5580]
  0x000001b1181fc7d0 GCTaskThread "GC Thread#0" [stack: 0x000000a74aa00000,0x000000a74ab00000] [id=13360]
  0x000001b137221c60 GCTaskThread "GC Thread#1" [stack: 0x000000a74bd00000,0x000000a74be00000] [id=14036]
  0x000001b13730ac80 GCTaskThread "GC Thread#2" [stack: 0x000000a74be00000,0x000000a74bf00000] [id=14468]
  0x000001b136f70140 GCTaskThread "GC Thread#3" [stack: 0x000000a74bf00000,0x000000a74c000000] [id=4568]
  0x000001b11820d350 ConcurrentGCThread "G1 Main Marker" [stack: 0x000000a74ab00000,0x000000a74ac00000] [id=16584]
  0x000001b11820e500 ConcurrentGCThread "G1 Conc#0" [stack: 0x000000a74ac00000,0x000000a74ad00000] [id=7756]
  0x000001b118278040 ConcurrentGCThread "G1 Refine#0" [stack: 0x000000a74ad00000,0x000000a74ae00000] [id=8568]
  0x000001b118278a60 ConcurrentGCThread "G1 Service" [stack: 0x000000a74ae00000,0x000000a74af00000] [id=7412]

Threads with active compile tasks:
C2 CompilerThread1  1281866 15133       4       org.springframework.boot.autoconfigure.condition.ConditionMessage$Style::applyTo (62 bytes)

VM state: not at safepoint (normal execution)

VM Mutex/Monitor currently owned by a thread: None

Heap address: 0x0000000081e00000, size: 2018 MB, Compressed Oops mode: 32-bit

CDS archive(s) mapped at: [0x0000000800000000-0x0000000800bc0000-0x0000000800bc0000), size 12320768, SharedBaseAddress: 0x0000000800000000, ArchiveRelocationMode: 0.
Compressed class space mapped at: 0x0000000800c00000-0x0000000840c00000, reserved size: 1073741824
Narrow klass base: 0x0000000800000000, Narrow klass shift: 0, Narrow klass range: 0x100000000

GC Precious Log:
 CPUs: 4 total, 4 available
 Memory: 8067M
 Large Page Support: Disabled
 NUMA Support: Disabled
 Compressed Oops: Enabled (32-bit)
 Heap Region Size: 1M
 Heap Min Capacity: 8M
 Heap Initial Capacity: 128M
 Heap Max Capacity: 2018M
 Pre-touch: Disabled
 Parallel Workers: 4
 Concurrent Workers: 1
 Concurrent Refinement Workers: 4
 Periodic GC: Disabled

Heap:
 garbage-first heap   total 208896K, used 82547K [0x0000000081e00000, 0x0000000100000000)
  region size 1024K, 22 young (22528K), 0 survivors (0K)
 Metaspace       used 83538K, committed 84416K, reserved 1122304K
  class space    used 10882K, committed 11328K, reserved 1048576K

Heap Regions: E=young(eden), S=young(survivor), O=old, HS=humongous(starts), HC=humongous(continues), CS=collection set, F=free, OA=open archive, CA=closed archive, TAMS=top-at-mark-start (previous, next)
|   0|0x0000000081e00000, 0x0000000081f00000, 0x0000000081f00000|100%|HS|  |TAMS 0x0000000081f00000, 0x0000000081e00000| Untracked 
|   1|0x0000000081f00000, 0x0000000082000000, 0x0000000082000000|100%| O|  |TAMS 0x0000000082000000, 0x0000000081f00000| Untracked 
|   2|0x0000000082000000, 0x00000000820fffe8, 0x0000000082100000| 99%| O|  |TAMS 0x00000000820fffe8, 0x0000000082000000| Untracked 
|   3|0x0000000082100000, 0x0000000082200000, 0x0000000082200000|100%| O|  |TAMS 0x0000000082200000, 0x0000000082100000| Untracked 
|   4|0x0000000082200000, 0x0000000082300000, 0x0000000082300000|100%| O|  |TAMS 0x0000000082300000, 0x0000000082200000| Untracked 
|   5|0x0000000082300000, 0x0000000082400000, 0x0000000082400000|100%| O|  |TAMS 0x0000000082400000, 0x0000000082300000| Untracked 
|   6|0x0000000082400000, 0x0000000082500000, 0x0000000082500000|100%| O|  |TAMS 0x0000000082500000, 0x0000000082400000| Untracked 
|   7|0x0000000082500000, 0x00000000825ffff0, 0x0000000082600000| 99%| O|  |TAMS 0x00000000825ffff0, 0x0000000082500000| Untracked 
|   8|0x0000000082600000, 0x00000000826ffff0, 0x0000000082700000| 99%| O|  |TAMS 0x00000000826ffff0, 0x0000000082600000| Untracked 
|   9|0x0000000082700000, 0x00000000827ffff8, 0x0000000082800000| 99%| O|  |TAMS 0x00000000827ffff8, 0x0000000082700000| Untracked 
|  10|0x0000000082800000, 0x0000000082900000, 0x0000000082900000|100%| O|  |TAMS 0x0000000082900000, 0x0000000082800000| Untracked 
|  11|0x0000000082900000, 0x00000000829fffc8, 0x0000000082a00000| 99%| O|  |TAMS 0x00000000829fffc8, 0x0000000082900000| Untracked 
|  12|0x0000000082a00000, 0x0000000082afff80, 0x0000000082b00000| 99%| O|  |TAMS 0x0000000082afff80, 0x0000000082a00000| Untracked 
|  13|0x0000000082b00000, 0x0000000082bffff0, 0x0000000082c00000| 99%| O|  |TAMS 0x0000000082bffff0, 0x0000000082b00000| Untracked 
|  14|0x0000000082c00000, 0x0000000082d00000, 0x0000000082d00000|100%| O|  |TAMS 0x0000000082d00000, 0x0000000082c00000| Untracked 
|  15|0x0000000082d00000, 0x0000000082df7a68, 0x0000000082e00000| 96%| O|  |TAMS 0x0000000082df7a68, 0x0000000082d00000| Untracked 
|  16|0x0000000082e00000, 0x0000000082effff8, 0x0000000082f00000| 99%| O|  |TAMS 0x0000000082effff8, 0x0000000082e00000| Untracked 
|  17|0x0000000082f00000, 0x0000000082fffff8, 0x0000000083000000| 99%| O|  |TAMS 0x0000000082fffff8, 0x0000000082f00000| Untracked 
|  18|0x0000000083000000, 0x00000000830ffff0, 0x0000000083100000| 99%| O|  |TAMS 0x00000000830ffff0, 0x0000000083000000| Untracked 
|  19|0x0000000083100000, 0x00000000831fffd8, 0x0000000083200000| 99%| O|  |TAMS 0x00000000831fffd8, 0x0000000083100000| Untracked 
|  20|0x0000000083200000, 0x00000000832fffc8, 0x0000000083300000| 99%| O|  |TAMS 0x00000000832fffc8, 0x0000000083200000| Untracked 
|  21|0x0000000083300000, 0x00000000833ffff8, 0x0000000083400000| 99%| O|  |TAMS 0x00000000833ffff8, 0x0000000083300000| Untracked 
|  22|0x0000000083400000, 0x00000000834ffff0, 0x0000000083500000| 99%| O|  |TAMS 0x00000000834ffff0, 0x0000000083400000| Untracked 
|  23|0x0000000083500000, 0x00000000835ffff8, 0x0000000083600000| 99%| O|  |TAMS 0x00000000835ffff8, 0x0000000083500000| Untracked 
|  24|0x0000000083600000, 0x00000000836fffd0, 0x0000000083700000| 99%| O|  |TAMS 0x00000000836fffd0, 0x0000000083600000| Untracked 
|  25|0x0000000083700000, 0x0000000083800000, 0x0000000083800000|100%| O|  |TAMS 0x0000000083800000, 0x0000000083700000| Untracked 
|  26|0x0000000083800000, 0x00000000838fffc8, 0x0000000083900000| 99%| O|  |TAMS 0x00000000838fffc8, 0x0000000083800000| Untracked 
|  27|0x0000000083900000, 0x0000000083a00000, 0x0000000083a00000|100%| O|  |TAMS 0x0000000083a00000, 0x0000000083900000| Untracked 
|  28|0x0000000083a00000, 0x0000000083affff0, 0x0000000083b00000| 99%| O|  |TAMS 0x0000000083affff0, 0x0000000083a00000| Untracked 
|  29|0x0000000083b00000, 0x0000000083c00000, 0x0000000083c00000|100%| O|  |TAMS 0x0000000083c00000, 0x0000000083b00000| Untracked 
|  30|0x0000000083c00000, 0x0000000083cfffe8, 0x0000000083d00000| 99%| O|  |TAMS 0x0000000083cfffe8, 0x0000000083c00000| Untracked 
|  31|0x0000000083d00000, 0x0000000083dffff0, 0x0000000083e00000| 99%| O|  |TAMS 0x0000000083dffff0, 0x0000000083d00000| Untracked 
|  32|0x0000000083e00000, 0x0000000083efffa0, 0x0000000083f00000| 99%| O|  |TAMS 0x0000000083efffa0, 0x0000000083e00000| Untracked 
|  33|0x0000000083f00000, 0x0000000084000000, 0x0000000084000000|100%| O|  |TAMS 0x0000000084000000, 0x0000000083f00000| Untracked 
|  34|0x0000000084000000, 0x00000000840ffff8, 0x0000000084100000| 99%| O|  |TAMS 0x00000000840ffff8, 0x0000000084000000| Untracked 
|  35|0x0000000084100000, 0x00000000841ffff8, 0x0000000084200000| 99%| O|  |TAMS 0x00000000841ffff8, 0x0000000084100000| Untracked 
|  36|0x0000000084200000, 0x00000000842fff90, 0x0000000084300000| 99%| O|  |TAMS 0x00000000842fff90, 0x0000000084200000| Untracked 
|  37|0x0000000084300000, 0x00000000843ffff8, 0x0000000084400000| 99%| O|  |TAMS 0x00000000843ffff8, 0x0000000084300000| Untracked 
|  38|0x0000000084400000, 0x00000000844fffd0, 0x0000000084500000| 99%| O|  |TAMS 0x00000000844fffd0, 0x0000000084400000| Untracked 
|  39|0x0000000084500000, 0x00000000845fffe8, 0x0000000084600000| 99%| O|  |TAMS 0x00000000845fffe8, 0x0000000084500000| Untracked 
|  40|0x0000000084600000, 0x0000000084700000, 0x0000000084700000|100%| O|  |TAMS 0x0000000084700000, 0x0000000084600000| Untracked 
|  41|0x0000000084700000, 0x00000000847fffe0, 0x0000000084800000| 99%| O|  |TAMS 0x00000000847fffe0, 0x0000000084700000| Untracked 
|  42|0x0000000084800000, 0x00000000848fffc0, 0x0000000084900000| 99%| O|  |TAMS 0x00000000848fffc0, 0x0000000084800000| Untracked 
|  43|0x0000000084900000, 0x0000000084a00000, 0x0000000084a00000|100%| O|  |TAMS 0x0000000084a00000, 0x0000000084900000| Untracked 
|  44|0x0000000084a00000, 0x0000000084afffd0, 0x0000000084b00000| 99%| O|  |TAMS 0x0000000084afffd0, 0x0000000084a00000| Untracked 
|  45|0x0000000084b00000, 0x0000000084bffff8, 0x0000000084c00000| 99%| O|  |TAMS 0x0000000084bffff8, 0x0000000084b00000| Untracked 
|  46|0x0000000084c00000, 0x0000000084cfffe0, 0x0000000084d00000| 99%| O|  |TAMS 0x0000000084cfffe0, 0x0000000084c00000| Untracked 
|  47|0x0000000084d00000, 0x0000000084dfffe8, 0x0000000084e00000| 99%| O|  |TAMS 0x0000000084dfffe8, 0x0000000084d00000| Untracked 
|  48|0x0000000084e00000, 0x0000000084efffd8, 0x0000000084f00000| 99%| O|  |TAMS 0x0000000084efffd8, 0x0000000084e00000| Untracked 
|  49|0x0000000084f00000, 0x0000000084fffff0, 0x0000000085000000| 99%| O|  |TAMS 0x0000000084fffff0, 0x0000000084f00000| Untracked 
|  50|0x0000000085000000, 0x00000000850ffff8, 0x0000000085100000| 99%| O|  |TAMS 0x00000000850ffff8, 0x0000000085000000| Untracked 
|  51|0x0000000085100000, 0x00000000851ffff8, 0x0000000085200000| 99%| O|  |TAMS 0x0000000085100000, 0x0000000085100000| Untracked 
|  52|0x0000000085200000, 0x00000000852fffc0, 0x0000000085300000| 99%| O|  |TAMS 0x00000000852fffc0, 0x0000000085200000| Untracked 
|  53|0x0000000085300000, 0x00000000853fffb8, 0x0000000085400000| 99%| O|  |TAMS 0x00000000853fffb8, 0x0000000085300000| Untracked 
|  54|0x0000000085400000, 0x00000000854ffff0, 0x0000000085500000| 99%| O|  |TAMS 0x0000000085400000, 0x0000000085400000| Untracked 
|  55|0x0000000085500000, 0x00000000855ffff0, 0x0000000085600000| 99%| O|  |TAMS 0x0000000085500000, 0x0000000085500000| Untracked 
|  56|0x0000000085600000, 0x00000000856fffe8, 0x0000000085700000| 99%| O|  |TAMS 0x0000000085600000, 0x0000000085600000| Untracked 
|  57|0x0000000085700000, 0x000000008575ef38, 0x0000000085800000| 37%| O|  |TAMS 0x0000000085700000, 0x0000000085700000| Untracked 
|  58|0x0000000085800000, 0x00000000858f3178, 0x0000000085900000| 94%| O|  |TAMS 0x0000000085800000, 0x0000000085800000| Untracked 
|  59|0x0000000085900000, 0x00000000859fffb0, 0x0000000085a00000| 99%| O|  |TAMS 0x0000000085900000, 0x0000000085900000| Untracked 
|  60|0x0000000085a00000, 0x0000000085a00000, 0x0000000085b00000|  0%| F|  |TAMS 0x0000000085a00000, 0x0000000085a00000| Untracked 
|  61|0x0000000085b00000, 0x0000000085b00000, 0x0000000085c00000|  0%| F|  |TAMS 0x0000000085b00000, 0x0000000085b00000| Untracked 
|  62|0x0000000085c00000, 0x0000000085c00000, 0x0000000085d00000|  0%| F|  |TAMS 0x0000000085c00000, 0x0000000085c00000| Untracked 
|  63|0x0000000085d00000, 0x0000000085d00000, 0x0000000085e00000|  0%| F|  |TAMS 0x0000000085d00000, 0x0000000085d00000| Untracked 
|  64|0x0000000085e00000, 0x0000000085e00000, 0x0000000085f00000|  0%| F|  |TAMS 0x0000000085e00000, 0x0000000085e00000| Untracked 
|  65|0x0000000085f00000, 0x0000000085f00000, 0x0000000086000000|  0%| F|  |TAMS 0x0000000085f00000, 0x0000000085f00000| Untracked 
|  66|0x0000000086000000, 0x0000000086000000, 0x0000000086100000|  0%| F|  |TAMS 0x0000000086000000, 0x0000000086000000| Untracked 
|  67|0x0000000086100000, 0x0000000086100000, 0x0000000086200000|  0%| F|  |TAMS 0x0000000086100000, 0x0000000086100000| Untracked 
|  68|0x0000000086200000, 0x0000000086200000, 0x0000000086300000|  0%| F|  |TAMS 0x0000000086200000, 0x0000000086200000| Untracked 
|  69|0x0000000086300000, 0x0000000086300000, 0x0000000086400000|  0%| F|  |TAMS 0x0000000086300000, 0x0000000086300000| Untracked 
|  70|0x0000000086400000, 0x0000000086452ff0, 0x0000000086500000| 32%| O|  |TAMS 0x0000000086400000, 0x0000000086400000| Untracked 
|  71|0x0000000086500000, 0x0000000086500000, 0x0000000086600000|  0%| F|  |TAMS 0x0000000086500000, 0x0000000086500000| Untracked 
|  72|0x0000000086600000, 0x0000000086600000, 0x0000000086700000|  0%| F|  |TAMS 0x0000000086600000, 0x0000000086600000| Untracked 
|  73|0x0000000086700000, 0x0000000086700000, 0x0000000086800000|  0%| F|  |TAMS 0x0000000086700000, 0x0000000086700000| Untracked 
|  74|0x0000000086800000, 0x0000000086800000, 0x0000000086900000|  0%| F|  |TAMS 0x0000000086800000, 0x0000000086800000| Untracked 
|  75|0x0000000086900000, 0x0000000086900000, 0x0000000086a00000|  0%| F|  |TAMS 0x0000000086900000, 0x0000000086900000| Untracked 
|  76|0x0000000086a00000, 0x0000000086a00000, 0x0000000086b00000|  0%| F|  |TAMS 0x0000000086a00000, 0x0000000086a00000| Untracked 
|  77|0x0000000086b00000, 0x0000000086b00000, 0x0000000086c00000|  0%| F|  |TAMS 0x0000000086b00000, 0x0000000086b00000| Untracked 
|  78|0x0000000086c00000, 0x0000000086c00000, 0x0000000086d00000|  0%| F|  |TAMS 0x0000000086c00000, 0x0000000086c00000| Untracked 
|  79|0x0000000086d00000, 0x0000000086d00000, 0x0000000086e00000|  0%| F|  |TAMS 0x0000000086d00000, 0x0000000086d00000| Untracked 
|  80|0x0000000086e00000, 0x0000000086e00000, 0x0000000086f00000|  0%| F|  |TAMS 0x0000000086e00000, 0x0000000086e00000| Untracked 
|  81|0x0000000086f00000, 0x0000000086f00000, 0x0000000087000000|  0%| F|  |TAMS 0x0000000086f00000, 0x0000000086f00000| Untracked 
|  82|0x0000000087000000, 0x0000000087000000, 0x0000000087100000|  0%| F|  |TAMS 0x0000000087000000, 0x0000000087000000| Untracked 
|  83|0x0000000087100000, 0x0000000087100000, 0x0000000087200000|  0%| F|  |TAMS 0x0000000087100000, 0x0000000087100000| Untracked 
|  84|0x0000000087200000, 0x0000000087200000, 0x0000000087300000|  0%| F|  |TAMS 0x0000000087200000, 0x0000000087200000| Untracked 
|  85|0x0000000087300000, 0x0000000087300000, 0x0000000087400000|  0%| F|  |TAMS 0x0000000087300000, 0x0000000087300000| Untracked 
|  86|0x0000000087400000, 0x0000000087400000, 0x0000000087500000|  0%| F|  |TAMS 0x0000000087400000, 0x0000000087400000| Untracked 
|  87|0x0000000087500000, 0x0000000087500000, 0x0000000087600000|  0%| F|  |TAMS 0x0000000087500000, 0x0000000087500000| Untracked 
|  88|0x0000000087600000, 0x0000000087600000, 0x0000000087700000|  0%| F|  |TAMS 0x0000000087600000, 0x0000000087600000| Untracked 
|  89|0x0000000087700000, 0x0000000087700000, 0x0000000087800000|  0%| F|  |TAMS 0x0000000087700000, 0x0000000087700000| Untracked 
|  90|0x0000000087800000, 0x00000000878006e0, 0x0000000087900000|  0%| O|  |TAMS 0x0000000087800000, 0x0000000087800000| Untracked 
|  91|0x0000000087900000, 0x0000000087900000, 0x0000000087a00000|  0%| F|  |TAMS 0x0000000087900000, 0x0000000087900000| Untracked 
|  92|0x0000000087a00000, 0x0000000087a00000, 0x0000000087b00000|  0%| F|  |TAMS 0x0000000087a00000, 0x0000000087a00000| Untracked 
|  93|0x0000000087b00000, 0x0000000087b00000, 0x0000000087c00000|  0%| F|  |TAMS 0x0000000087b00000, 0x0000000087b00000| Untracked 
|  94|0x0000000087c00000, 0x0000000087c00000, 0x0000000087d00000|  0%| F|  |TAMS 0x0000000087c00000, 0x0000000087c00000| Untracked 
|  95|0x0000000087d00000, 0x0000000087d00000, 0x0000000087e00000|  0%| F|  |TAMS 0x0000000087d00000, 0x0000000087d00000| Untracked 
|  96|0x0000000087e00000, 0x0000000087e00000, 0x0000000087f00000|  0%| F|  |TAMS 0x0000000087e00000, 0x0000000087e00000| Untracked 
|  97|0x0000000087f00000, 0x0000000087f00000, 0x0000000088000000|  0%| F|  |TAMS 0x0000000087f00000, 0x0000000087f00000| Untracked 
|  98|0x0000000088000000, 0x0000000088000000, 0x0000000088100000|  0%| F|  |TAMS 0x0000000088000000, 0x0000000088000000| Untracked 
|  99|0x0000000088100000, 0x0000000088100000, 0x0000000088200000|  0%| F|  |TAMS 0x0000000088100000, 0x0000000088100000| Untracked 
| 100|0x0000000088200000, 0x0000000088200000, 0x0000000088300000|  0%| F|  |TAMS 0x0000000088200000, 0x0000000088200000| Untracked 
| 101|0x0000000088300000, 0x0000000088300000, 0x0000000088400000|  0%| F|  |TAMS 0x0000000088300000, 0x0000000088300000| Untracked 
| 102|0x0000000088400000, 0x0000000088400000, 0x0000000088500000|  0%| F|  |TAMS 0x0000000088400000, 0x0000000088400000| Untracked 
| 103|0x0000000088500000, 0x0000000088500000, 0x0000000088600000|  0%| F|  |TAMS 0x0000000088500000, 0x0000000088500000| Untracked 
| 104|0x0000000088600000, 0x0000000088600000, 0x0000000088700000|  0%| F|  |TAMS 0x0000000088600000, 0x0000000088600000| Untracked 
| 105|0x0000000088700000, 0x0000000088700000, 0x0000000088800000|  0%| F|  |TAMS 0x0000000088700000, 0x0000000088700000| Untracked 
| 106|0x0000000088800000, 0x0000000088800000, 0x0000000088900000|  0%| F|  |TAMS 0x0000000088800000, 0x0000000088800000| Untracked 
| 107|0x0000000088900000, 0x0000000088900000, 0x0000000088a00000|  0%| F|  |TAMS 0x0000000088900000, 0x0000000088900000| Untracked 
| 108|0x0000000088a00000, 0x0000000088a00000, 0x0000000088b00000|  0%| F|  |TAMS 0x0000000088a00000, 0x0000000088a00000| Untracked 
| 109|0x0000000088b00000, 0x0000000088b00000, 0x0000000088c00000|  0%| F|  |TAMS 0x0000000088b00000, 0x0000000088b00000| Untracked 
| 110|0x0000000088c00000, 0x0000000088c00000, 0x0000000088d00000|  0%| F|  |TAMS 0x0000000088c00000, 0x0000000088c00000| Untracked 
| 111|0x0000000088d00000, 0x0000000088d00000, 0x0000000088e00000|  0%| F|  |TAMS 0x0000000088d00000, 0x0000000088d00000| Untracked 
| 112|0x0000000088e00000, 0x0000000088e00000, 0x0000000088f00000|  0%| F|  |TAMS 0x0000000088e00000, 0x0000000088e00000| Untracked 
| 113|0x0000000088f00000, 0x0000000088f00000, 0x0000000089000000|  0%| F|  |TAMS 0x0000000088f00000, 0x0000000088f00000| Untracked 
| 114|0x0000000089000000, 0x0000000089000000, 0x0000000089100000|  0%| F|  |TAMS 0x0000000089000000, 0x0000000089000000| Untracked 
| 115|0x0000000089100000, 0x0000000089100000, 0x0000000089200000|  0%| F|  |TAMS 0x0000000089100000, 0x0000000089100000| Untracked 
| 116|0x0000000089200000, 0x0000000089200000, 0x0000000089300000|  0%| F|  |TAMS 0x0000000089200000, 0x0000000089200000| Untracked 
| 117|0x0000000089300000, 0x0000000089300000, 0x0000000089400000|  0%| F|  |TAMS 0x0000000089300000, 0x0000000089300000| Untracked 
| 118|0x0000000089400000, 0x0000000089400000, 0x0000000089500000|  0%| F|  |TAMS 0x0000000089400000, 0x0000000089400000| Untracked 
| 119|0x0000000089500000, 0x0000000089500000, 0x0000000089600000|  0%| F|  |TAMS 0x0000000089500000, 0x0000000089500000| Untracked 
| 120|0x0000000089600000, 0x0000000089600000, 0x0000000089700000|  0%| F|  |TAMS 0x0000000089600000, 0x0000000089600000| Untracked 
| 121|0x0000000089700000, 0x0000000089700000, 0x0000000089800000|  0%| F|  |TAMS 0x0000000089700000, 0x0000000089700000| Untracked 
| 122|0x0000000089800000, 0x0000000089800000, 0x0000000089900000|  0%| F|  |TAMS 0x0000000089800000, 0x0000000089800000| Untracked 
| 123|0x0000000089900000, 0x0000000089900000, 0x0000000089a00000|  0%| F|  |TAMS 0x0000000089900000, 0x0000000089900000| Untracked 
| 124|0x0000000089a00000, 0x0000000089a00000, 0x0000000089b00000|  0%| F|  |TAMS 0x0000000089a00000, 0x0000000089a00000| Untracked 
| 125|0x0000000089b00000, 0x0000000089b00000, 0x0000000089c00000|  0%| F|  |TAMS 0x0000000089b00000, 0x0000000089b00000| Untracked 
| 126|0x0000000089c00000, 0x0000000089c00000, 0x0000000089d00000|  0%| F|  |TAMS 0x0000000089c00000, 0x0000000089c00000| Untracked 
| 127|0x0000000089d00000, 0x0000000089d00000, 0x0000000089e00000|  0%| F|  |TAMS 0x0000000089d00000, 0x0000000089d00000| Untracked 
| 128|0x0000000089e00000, 0x0000000089e00000, 0x0000000089f00000|  0%| F|  |TAMS 0x0000000089e00000, 0x0000000089e00000| Untracked 
| 129|0x0000000089f00000, 0x0000000089f00000, 0x000000008a000000|  0%| F|  |TAMS 0x0000000089f00000, 0x0000000089f00000| Untracked 
| 130|0x000000008a000000, 0x000000008a000000, 0x000000008a100000|  0%| F|  |TAMS 0x000000008a000000, 0x000000008a000000| Untracked 
| 131|0x000000008a100000, 0x000000008a100000, 0x000000008a200000|  0%| F|  |TAMS 0x000000008a100000, 0x000000008a100000| Untracked 
| 132|0x000000008a200000, 0x000000008a200000, 0x000000008a300000|  0%| F|  |TAMS 0x000000008a200000, 0x000000008a200000| Untracked 
| 133|0x000000008a300000, 0x000000008a300000, 0x000000008a400000|  0%| F|  |TAMS 0x000000008a300000, 0x000000008a300000| Untracked 
| 134|0x000000008a400000, 0x000000008a400000, 0x000000008a500000|  0%| F|  |TAMS 0x000000008a400000, 0x000000008a400000| Untracked 
| 135|0x000000008a500000, 0x000000008a500000, 0x000000008a600000|  0%| F|  |TAMS 0x000000008a500000, 0x000000008a500000| Untracked 
| 136|0x000000008a600000, 0x000000008a600000, 0x000000008a700000|  0%| F|  |TAMS 0x000000008a600000, 0x000000008a600000| Untracked 
| 137|0x000000008a700000, 0x000000008a700000, 0x000000008a800000|  0%| F|  |TAMS 0x000000008a700000, 0x000000008a700000| Untracked 
| 138|0x000000008a800000, 0x000000008a800000, 0x000000008a900000|  0%| F|  |TAMS 0x000000008a800000, 0x000000008a800000| Untracked 
| 139|0x000000008a900000, 0x000000008a900000, 0x000000008aa00000|  0%| F|  |TAMS 0x000000008a900000, 0x000000008a900000| Untracked 
| 140|0x000000008aa00000, 0x000000008aa00000, 0x000000008ab00000|  0%| F|  |TAMS 0x000000008aa00000, 0x000000008aa00000| Untracked 
| 141|0x000000008ab00000, 0x000000008ab00000, 0x000000008ac00000|  0%| F|  |TAMS 0x000000008ab00000, 0x000000008ab00000| Untracked 
| 142|0x000000008ac00000, 0x000000008ac00000, 0x000000008ad00000|  0%| F|  |TAMS 0x000000008ac00000, 0x000000008ac00000| Untracked 
| 143|0x000000008ad00000, 0x000000008ad00000, 0x000000008ae00000|  0%| F|  |TAMS 0x000000008ad00000, 0x000000008ad00000| Untracked 
| 144|0x000000008ae00000, 0x000000008ae00000, 0x000000008af00000|  0%| F|  |TAMS 0x000000008ae00000, 0x000000008ae00000| Untracked 
| 145|0x000000008af00000, 0x000000008af00000, 0x000000008b000000|  0%| F|  |TAMS 0x000000008af00000, 0x000000008af00000| Untracked 
| 146|0x000000008b000000, 0x000000008b000000, 0x000000008b100000|  0%| F|  |TAMS 0x000000008b000000, 0x000000008b000000| Untracked 
| 147|0x000000008b100000, 0x000000008b100000, 0x000000008b200000|  0%| F|  |TAMS 0x000000008b100000, 0x000000008b100000| Untracked 
| 148|0x000000008b200000, 0x000000008b200000, 0x000000008b300000|  0%| F|  |TAMS 0x000000008b200000, 0x000000008b200000| Untracked 
| 149|0x000000008b300000, 0x000000008b300000, 0x000000008b400000|  0%| F|  |TAMS 0x000000008b300000, 0x000000008b300000| Untracked 
| 150|0x000000008b400000, 0x000000008b400000, 0x000000008b500000|  0%| F|  |TAMS 0x000000008b400000, 0x000000008b400000| Untracked 
| 151|0x000000008b500000, 0x000000008b500000, 0x000000008b600000|  0%| F|  |TAMS 0x000000008b500000, 0x000000008b500000| Untracked 
| 152|0x000000008b600000, 0x000000008b600000, 0x000000008b700000|  0%| F|  |TAMS 0x000000008b600000, 0x000000008b600000| Untracked 
| 153|0x000000008b700000, 0x000000008b700000, 0x000000008b800000|  0%| F|  |TAMS 0x000000008b700000, 0x000000008b700000| Untracked 
| 154|0x000000008b800000, 0x000000008b800000, 0x000000008b900000|  0%| F|  |TAMS 0x000000008b800000, 0x000000008b800000| Untracked 
| 155|0x000000008b900000, 0x000000008b900000, 0x000000008ba00000|  0%| F|  |TAMS 0x000000008b900000, 0x000000008b900000| Untracked 
| 156|0x000000008ba00000, 0x000000008ba00000, 0x000000008bb00000|  0%| F|  |TAMS 0x000000008ba00000, 0x000000008ba00000| Untracked 
| 157|0x000000008bb00000, 0x000000008bb00000, 0x000000008bc00000|  0%| F|  |TAMS 0x000000008bb00000, 0x000000008bb00000| Untracked 
| 158|0x000000008bc00000, 0x000000008bc00000, 0x000000008bd00000|  0%| F|  |TAMS 0x000000008bc00000, 0x000000008bc00000| Untracked 
| 159|0x000000008bd00000, 0x000000008bd00000, 0x000000008be00000|  0%| F|  |TAMS 0x000000008bd00000, 0x000000008bd00000| Untracked 
| 160|0x000000008be00000, 0x000000008be00000, 0x000000008bf00000|  0%| F|  |TAMS 0x000000008be00000, 0x000000008be00000| Untracked 
| 161|0x000000008bf00000, 0x000000008bf00000, 0x000000008c000000|  0%| F|  |TAMS 0x000000008bf00000, 0x000000008bf00000| Untracked 
| 162|0x000000008c000000, 0x000000008c000000, 0x000000008c100000|  0%| F|  |TAMS 0x000000008c000000, 0x000000008c000000| Untracked 
| 163|0x000000008c100000, 0x000000008c100000, 0x000000008c200000|  0%| F|  |TAMS 0x000000008c100000, 0x000000008c100000| Untracked 
| 164|0x000000008c200000, 0x000000008c200000, 0x000000008c300000|  0%| F|  |TAMS 0x000000008c200000, 0x000000008c200000| Untracked 
| 165|0x000000008c300000, 0x000000008c300000, 0x000000008c400000|  0%| F|  |TAMS 0x000000008c300000, 0x000000008c300000| Untracked 
| 166|0x000000008c400000, 0x000000008c400000, 0x000000008c500000|  0%| F|  |TAMS 0x000000008c400000, 0x000000008c400000| Untracked 
| 167|0x000000008c500000, 0x000000008c500000, 0x000000008c600000|  0%| F|  |TAMS 0x000000008c500000, 0x000000008c500000| Untracked 
| 168|0x000000008c600000, 0x000000008c600000, 0x000000008c700000|  0%| F|  |TAMS 0x000000008c600000, 0x000000008c600000| Untracked 
| 169|0x000000008c700000, 0x000000008c700000, 0x000000008c800000|  0%| F|  |TAMS 0x000000008c700000, 0x000000008c700000| Untracked 
| 170|0x000000008c800000, 0x000000008c800000, 0x000000008c900000|  0%| F|  |TAMS 0x000000008c800000, 0x000000008c800000| Untracked 
| 171|0x000000008c900000, 0x000000008c900000, 0x000000008ca00000|  0%| F|  |TAMS 0x000000008c900000, 0x000000008c900000| Untracked 
| 172|0x000000008ca00000, 0x000000008ca00000, 0x000000008cb00000|  0%| F|  |TAMS 0x000000008ca00000, 0x000000008ca00000| Untracked 
| 173|0x000000008cb00000, 0x000000008cb00000, 0x000000008cc00000|  0%| F|  |TAMS 0x000000008cb00000, 0x000000008cb00000| Untracked 
| 174|0x000000008cc00000, 0x000000008cc00000, 0x000000008cd00000|  0%| F|  |TAMS 0x000000008cc00000, 0x000000008cc00000| Untracked 
| 175|0x000000008cd00000, 0x000000008cd00000, 0x000000008ce00000|  0%| F|  |TAMS 0x000000008cd00000, 0x000000008cd00000| Untracked 
| 176|0x000000008ce00000, 0x000000008ce00000, 0x000000008cf00000|  0%| F|  |TAMS 0x000000008ce00000, 0x000000008ce00000| Untracked 
| 177|0x000000008cf00000, 0x000000008cf00000, 0x000000008d000000|  0%| F|  |TAMS 0x000000008cf00000, 0x000000008cf00000| Untracked 
| 178|0x000000008d000000, 0x000000008d000000, 0x000000008d100000|  0%| F|  |TAMS 0x000000008d000000, 0x000000008d000000| Untracked 
| 179|0x000000008d100000, 0x000000008d100000, 0x000000008d200000|  0%| F|  |TAMS 0x000000008d100000, 0x000000008d100000| Untracked 
| 180|0x000000008d200000, 0x000000008d200000, 0x000000008d300000|  0%| F|  |TAMS 0x000000008d200000, 0x000000008d200000| Untracked 
| 181|0x000000008d300000, 0x000000008d369ba0, 0x000000008d400000| 41%| E|  |TAMS 0x000000008d300000, 0x000000008d300000| Complete 
| 182|0x000000008d400000, 0x000000008d500000, 0x000000008d500000|100%| E|CS|TAMS 0x000000008d400000, 0x000000008d400000| Complete 
| 183|0x000000008d500000, 0x000000008d600000, 0x000000008d600000|100%| E|CS|TAMS 0x000000008d500000, 0x000000008d500000| Complete 
| 184|0x000000008d600000, 0x000000008d700000, 0x000000008d700000|100%| E|CS|TAMS 0x000000008d600000, 0x000000008d600000| Complete 
| 185|0x000000008d700000, 0x000000008d800000, 0x000000008d800000|100%| E|CS|TAMS 0x000000008d700000, 0x000000008d700000| Complete 
| 186|0x000000008d800000, 0x000000008d900000, 0x000000008d900000|100%| E|CS|TAMS 0x000000008d800000, 0x000000008d800000| Complete 
| 187|0x000000008d900000, 0x000000008da00000, 0x000000008da00000|100%| E|CS|TAMS 0x000000008d900000, 0x000000008d900000| Complete 
| 188|0x000000008da00000, 0x000000008db00000, 0x000000008db00000|100%| E|CS|TAMS 0x000000008da00000, 0x000000008da00000| Complete 
| 189|0x000000008db00000, 0x000000008dc00000, 0x000000008dc00000|100%| E|CS|TAMS 0x000000008db00000, 0x000000008db00000| Complete 
| 190|0x000000008dc00000, 0x000000008dd00000, 0x000000008dd00000|100%| E|CS|TAMS 0x000000008dc00000, 0x000000008dc00000| Complete 
| 191|0x000000008dd00000, 0x000000008de00000, 0x000000008de00000|100%| E|CS|TAMS 0x000000008dd00000, 0x000000008dd00000| Complete 
| 192|0x000000008de00000, 0x000000008df00000, 0x000000008df00000|100%| E|CS|TAMS 0x000000008de00000, 0x000000008de00000| Complete 
| 193|0x000000008df00000, 0x000000008e000000, 0x000000008e000000|100%| E|CS|TAMS 0x000000008df00000, 0x000000008df00000| Complete 
| 194|0x000000008e000000, 0x000000008e100000, 0x000000008e100000|100%| E|CS|TAMS 0x000000008e000000, 0x000000008e000000| Complete 
| 195|0x000000008e100000, 0x000000008e200000, 0x000000008e200000|100%| E|CS|TAMS 0x000000008e100000, 0x000000008e100000| Complete 
| 196|0x000000008e200000, 0x000000008e300000, 0x000000008e300000|100%| E|CS|TAMS 0x000000008e200000, 0x000000008e200000| Complete 
| 197|0x000000008e300000, 0x000000008e400000, 0x000000008e400000|100%| E|CS|TAMS 0x000000008e300000, 0x000000008e300000| Complete 
| 198|0x000000008e400000, 0x000000008e500000, 0x000000008e500000|100%| E|CS|TAMS 0x000000008e400000, 0x000000008e400000| Complete 
| 199|0x000000008e500000, 0x000000008e600000, 0x000000008e600000|100%| E|CS|TAMS 0x000000008e500000, 0x000000008e500000| Complete 
| 200|0x000000008e600000, 0x000000008e700000, 0x000000008e700000|100%| E|CS|TAMS 0x000000008e600000, 0x000000008e600000| Complete 
| 201|0x000000008e700000, 0x000000008e800000, 0x000000008e800000|100%| E|CS|TAMS 0x000000008e700000, 0x000000008e700000| Complete 
| 202|0x000000008e800000, 0x000000008e900000, 0x000000008e900000|100%| E|CS|TAMS 0x000000008e800000, 0x000000008e800000| Complete 
| 203|0x000000008e900000, 0x000000008ea00000, 0x000000008ea00000|100%| E|CS|TAMS 0x000000008e900000, 0x000000008e900000| Complete 

Card table byte_map: [0x000001b12f070000,0x000001b12f470000] _byte_map_base: 0x000001b12ec61000

Marking Bits (Prev, Next): (CMBitMap*) 0x000001b1181fce20, (CMBitMap*) 0x000001b1181fcde0
 Prev Bits: [0x000001b131800000, 0x000001b133788000)
 Next Bits: [0x000001b12f870000, 0x000001b1317f8000)

Polling page: 0x000001b117980000

Metaspace:

Usage:
  Non-class:     70.95 MB used.
      Class:     10.63 MB used.
       Both:     81.58 MB used.

Virtual space:
  Non-class space:       72.00 MB reserved,      71.38 MB (>99%) committed,  9 nodes.
      Class space:        1.00 GB reserved,      11.06 MB (  1%) committed,  1 nodes.
             Both:        1.07 GB reserved,      82.44 MB (  8%) committed. 

Chunk freelists:
   Non-Class:  384.00 KB
       Class:  992.00 KB
        Both:  1.34 MB

MaxMetaspaceSize: unlimited
CompressedClassSpaceSize: 1.00 GB
Initial GC threshold: 21.00 MB
Current GC threshold: 137.31 MB
CDS: on
MetaspaceReclaimPolicy: balanced
 - commit_granule_bytes: 65536.
 - commit_granule_words: 8192.
 - virtual_space_node_default_size: 1048576.
 - enlarge_chunks_in_place: 1.
 - new_chunks_are_fully_committed: 0.
 - uncommit_free_chunks: 1.
 - use_allocation_guard: 0.
 - handle_deallocations: 1.


Internal statistics:

num_allocs_failed_limit: 12.
num_arena_births: 1348.
num_arena_deaths: 20.
num_vsnodes_births: 10.
num_vsnodes_deaths: 0.
num_space_committed: 1319.
num_space_uncommitted: 0.
num_chunks_returned_to_freelist: 42.
num_chunks_taken_from_freelist: 4725.
num_chunk_merges: 9.
num_chunk_splits: 3129.
num_chunks_enlarged: 2180.
num_purges: 22.
num_inconsistent_stats: 0.

CodeHeap 'non-profiled nmethods': size=120000Kb used=9358Kb max_used=9358Kb free=110642Kb
 bounds [0x000001b127740000, 0x000001b128070000, 0x000001b12ec70000]
CodeHeap 'profiled nmethods': size=120000Kb used=23577Kb max_used=23583Kb free=96423Kb
 bounds [0x000001b120210000, 0x000001b121920000, 0x000001b127740000]
CodeHeap 'non-nmethods': size=5760Kb used=1361Kb max_used=1478Kb free=4398Kb
 bounds [0x000001b11fc70000, 0x000001b11fee0000, 0x000001b120210000]
 total_blobs=13209 nmethods=12516 adapters=604
 compilation: enabled
              stopped_count=0, restarted_count=0
 full_count=0

Compilation events (20 events):
Event: 1281.441 Thread 0x000001b135c2c340 15124       3       org.springframework.context.annotation.ConfigurationClass::<init> (92 bytes)
Event: 1281.442 Thread 0x000001b135c2c340 nmethod 15124 0x000001b121915d10 code [0x000001b121915fe0, 0x000001b121916f48]
Event: 1281.484 Thread 0x000001b135c2c340 15125       3       org.springframework.boot.autoconfigure.condition.ConditionOutcome::match (10 bytes)
Event: 1281.485 Thread 0x000001b135c2c340 nmethod 15125 0x000001b121917410 code [0x000001b1219175e0, 0x000001b1219179c8]
Event: 1281.502 Thread 0x000001b135c2c340 15126       3       java.util.Collections$UnmodifiableMap::getOrDefault (12 bytes)
Event: 1281.503 Thread 0x000001b135c2c340 nmethod 15126 0x000001b121917b90 code [0x000001b121917d40, 0x000001b121917f08]
Event: 1281.513 Thread 0x000001b135c2c340 15127   !   3       jdk.proxy2.$Proxy32::annotationType (29 bytes)
Event: 1281.513 Thread 0x000001b135c2c340 nmethod 15127 0x000001b121918010 code [0x000001b1219181e0, 0x000001b1219185d8]
Event: 1281.521 Thread 0x000001b137288810 15128       4       org.springframework.core.type.filter.AssignableTypeFilter::matchClassName (12 bytes)
Event: 1281.524 Thread 0x000001b137288810 nmethod 15128 0x000001b128059f10 code [0x000001b12805a0a0, 0x000001b12805a2c8]
Event: 1281.540 Thread 0x000001b137288810 15129   !   4       org.springframework.core.type.classreading.SimpleMetadataReaderFactory::getMetadataReader (104 bytes)
Event: 1281.541 Thread 0x000001b135c1f0a0 15130   !   4       org.springframework.beans.factory.support.AbstractBeanFactory::doGetBean (714 bytes)
Event: 1281.564 Thread 0x000001b135c2c340 15131       3       org.springframework.boot.env.SystemEnvironmentPropertySourceEnvironmentPostProcessor$OriginAwareSystemEnvironmentPropertySource::containsProperty (6 bytes)
Event: 1281.564 Thread 0x000001b135c2c340 nmethod 15131 0x000001b121918790 code [0x000001b121918940, 0x000001b121918ba8]
Event: 1281.570 Thread 0x000001b135c2c340 15132       3       org.springframework.boot.context.properties.source.ConfigurationPropertySourcesPropertyResolver::getProperty (49 bytes)
Event: 1281.573 Thread 0x000001b135c2c340 nmethod 15132 0x000001b121918c90 code [0x000001b121919000, 0x000001b12191a8d8]
Event: 1281.591 Thread 0x000001b137288810 nmethod 15129 0x000001b12805a410 code [0x000001b12805a640, 0x000001b12805b290]
Event: 1281.619 Thread 0x000001b137288810 15133       4       org.springframework.boot.autoconfigure.condition.ConditionMessage$Style::applyTo (62 bytes)
Event: 1281.649 Thread 0x000001b135c2c340 15134       3       org.springframework.context.annotation.ConfigurationClassParser$SourceClass::asConfigClass (43 bytes)
Event: 1281.650 Thread 0x000001b135c2c340 nmethod 15134 0x000001b12027e710 code [0x000001b12027e8e0, 0x000001b12027eeb8]

GC Heap History (20 events):
Event: 808.128 GC heap before
{Heap before GC invocations=57 (full 3):
 garbage-first heap   total 132096K, used 108849K [0x0000000081e00000, 0x0000000100000000)
  region size 1024K, 46 young (47104K), 1 survivors (1024K)
 Metaspace       used 82527K, committed 83456K, reserved 1122304K
  class space    used 10814K, committed 11264K, reserved 1048576K
}
Event: 808.133 GC heap after
{Heap after GC invocations=58 (full 3):
 garbage-first heap   total 132096K, used 64062K [0x0000000081e00000, 0x0000000100000000)
  region size 1024K, 2 young (2048K), 2 survivors (2048K)
 Metaspace       used 82527K, committed 83456K, reserved 1122304K
  class space    used 10814K, committed 11264K, reserved 1048576K
}
Event: 869.256 GC heap before
{Heap before GC invocations=59 (full 3):
 garbage-first heap   total 132096K, used 110142K [0x0000000081e00000, 0x0000000100000000)
  region size 1024K, 47 young (48128K), 2 survivors (2048K)
 Metaspace       used 82525K, committed 83456K, reserved 1122304K
  class space    used 10813K, committed 11264K, reserved 1048576K
}
Event: 869.260 GC heap after
{Heap after GC invocations=60 (full 3):
 garbage-first heap   total 132096K, used 63862K [0x0000000081e00000, 0x0000000100000000)
  region size 1024K, 2 young (2048K), 2 survivors (2048K)
 Metaspace       used 82525K, committed 83456K, reserved 1122304K
  class space    used 10813K, committed 11264K, reserved 1048576K
}
Event: 874.117 GC heap before
{Heap before GC invocations=60 (full 3):
 garbage-first heap   total 132096K, used 67958K [0x0000000081e00000, 0x0000000100000000)
  region size 1024K, 6 young (6144K), 2 survivors (2048K)
 Metaspace       used 82526K, committed 83456K, reserved 1122304K
  class space    used 10813K, committed 11264K, reserved 1048576K
}
Event: 874.121 GC heap after
{Heap after GC invocations=61 (full 3):
 garbage-first heap   total 132096K, used 63408K [0x0000000081e00000, 0x0000000100000000)
  region size 1024K, 1 young (1024K), 1 survivors (1024K)
 Metaspace       used 82526K, committed 83456K, reserved 1122304K
  class space    used 10813K, committed 11264K, reserved 1048576K
}
Event: 923.756 GC heap before
{Heap before GC invocations=61 (full 3):
 garbage-first heap   total 132096K, used 103344K [0x0000000081e00000, 0x0000000100000000)
  region size 1024K, 41 young (41984K), 1 survivors (1024K)
 Metaspace       used 82584K, committed 83456K, reserved 1122304K
  class space    used 10817K, committed 11264K, reserved 1048576K
}
Event: 923.905 GC heap after
{Heap after GC invocations=62 (full 4):
 garbage-first heap   total 132096K, used 56565K [0x0000000081e00000, 0x0000000100000000)
  region size 1024K, 0 young (0K), 0 survivors (0K)
 Metaspace       used 82584K, committed 83456K, reserved 1122304K
  class space    used 10817K, committed 11264K, reserved 1048576K
}
Event: 925.371 GC heap before
{Heap before GC invocations=62 (full 4):
 garbage-first heap   total 132096K, used 109813K [0x0000000081e00000, 0x0000000100000000)
  region size 1024K, 53 young (54272K), 0 survivors (0K)
 Metaspace       used 82768K, committed 83712K, reserved 1122304K
  class space    used 10833K, committed 11264K, reserved 1048576K
}
Event: 925.377 GC heap after
{Heap after GC invocations=63 (full 4):
 garbage-first heap   total 132096K, used 60701K [0x0000000081e00000, 0x0000000100000000)
  region size 1024K, 5 young (5120K), 5 survivors (5120K)
 Metaspace       used 82768K, committed 83712K, reserved 1122304K
  class space    used 10833K, committed 11264K, reserved 1048576K
}
Event: 926.365 GC heap before
{Heap before GC invocations=64 (full 4):
 garbage-first heap   total 132096K, used 108829K [0x0000000081e00000, 0x0000000100000000)
  region size 1024K, 52 young (53248K), 5 survivors (5120K)
 Metaspace       used 83181K, committed 84096K, reserved 1122304K
  class space    used 10858K, committed 11328K, reserved 1048576K
}
Event: 926.376 GC heap after
{Heap after GC invocations=65 (full 4):
 garbage-first heap   total 132096K, used 63086K [0x0000000081e00000, 0x0000000100000000)
  region size 1024K, 3 young (3072K), 3 survivors (3072K)
 Metaspace       used 83181K, committed 84096K, reserved 1122304K
  class space    used 10858K, committed 11328K, reserved 1048576K
}
Event: 926.945 GC heap before
{Heap before GC invocations=65 (full 4):
 garbage-first heap   total 132096K, used 109166K [0x0000000081e00000, 0x0000000100000000)
  region size 1024K, 48 young (49152K), 3 survivors (3072K)
 Metaspace       used 83418K, committed 84352K, reserved 1122304K
  class space    used 10871K, committed 11328K, reserved 1048576K
}
Event: 926.956 GC heap after
{Heap after GC invocations=66 (full 4):
 garbage-first heap   total 208896K, used 65369K [0x0000000081e00000, 0x0000000100000000)
  region size 1024K, 5 young (5120K), 5 survivors (5120K)
 Metaspace       used 83418K, committed 84352K, reserved 1122304K
  class space    used 10871K, committed 11328K, reserved 1048576K
}
Event: 1058.256 GC heap before
{Heap before GC invocations=67 (full 4):
 garbage-first heap   total 208896K, used 170841K [0x0000000081e00000, 0x0000000100000000)
  region size 1024K, 108 young (110592K), 5 survivors (5120K)
 Metaspace       used 83432K, committed 84352K, reserved 1122304K
  class space    used 10871K, committed 11328K, reserved 1048576K
}
Event: 1058.263 GC heap after
{Heap after GC invocations=68 (full 4):
 garbage-first heap   total 208896K, used 65592K [0x0000000081e00000, 0x0000000100000000)
  region size 1024K, 6 young (6144K), 6 survivors (6144K)
 Metaspace       used 83432K, committed 84352K, reserved 1122304K
  class space    used 10871K, committed 11328K, reserved 1048576K
}
Event: 1205.260 GC heap before
{Heap before GC invocations=68 (full 4):
 garbage-first heap   total 208896K, used 174136K [0x0000000081e00000, 0x0000000100000000)
  region size 1024K, 112 young (114688K), 6 survivors (6144K)
 Metaspace       used 83434K, committed 84352K, reserved 1122304K
  class space    used 10871K, committed 11328K, reserved 1048576K
}
Event: 1205.267 GC heap after
{Heap after GC invocations=69 (full 4):
 garbage-first heap   total 208896K, used 65266K [0x0000000081e00000, 0x0000000100000000)
  region size 1024K, 5 young (5120K), 5 survivors (5120K)
 Metaspace       used 83434K, committed 84352K, reserved 1122304K
  class space    used 10871K, committed 11328K, reserved 1048576K
}
Event: 1280.918 GC heap before
{Heap before GC invocations=70 (full 4):
 garbage-first heap   total 208896K, used 125682K [0x0000000081e00000, 0x0000000100000000)
  region size 1024K, 65 young (66560K), 5 survivors (5120K)
 Metaspace       used 83492K, committed 84416K, reserved 1122304K
  class space    used 10875K, committed 11328K, reserved 1048576K
}
Event: 1281.042 GC heap after
{Heap after GC invocations=71 (full 5):
 garbage-first heap   total 208896K, used 61043K [0x0000000081e00000, 0x0000000100000000)
  region size 1024K, 0 young (0K), 0 survivors (0K)
 Metaspace       used 83485K, committed 84416K, reserved 1122304K
  class space    used 10874K, committed 11328K, reserved 1048576K
}

Deoptimization events (20 events):
Event: 925.295 Thread 0x000001b13771ae20 DEOPT PACKING pc=0x000001b120a5f9ca sp=0x000000a74c1fdf70
Event: 925.295 Thread 0x000001b13771ae20 DEOPT UNPACKING pc=0x000001b11fcc2b43 sp=0x000000a74c1fd3e8 mode 0
Event: 925.295 Thread 0x000001b13771ae20 DEOPT PACKING pc=0x000001b120a5f9ca sp=0x000000a74c1fdf70
Event: 925.295 Thread 0x000001b13771ae20 DEOPT UNPACKING pc=0x000001b11fcc2b43 sp=0x000000a74c1fd3e8 mode 0
Event: 925.295 Thread 0x000001b13771ae20 DEOPT PACKING pc=0x000001b120a5fb12 sp=0x000000a74c1fdf70
Event: 925.295 Thread 0x000001b13771ae20 DEOPT UNPACKING pc=0x000001b11fcc2b43 sp=0x000000a74c1fd3e8 mode 0
Event: 926.391 Thread 0x000001b13771ae20 Uncommon trap: trap_request=0xffffff45 fr.pc=0x000001b127d0d680 relative=0x0000000000000d40
Event: 926.391 Thread 0x000001b13771ae20 Uncommon trap: reason=unstable_if action=reinterpret pc=0x000001b127d0d680 method=org.springframework.transaction.interceptor.AbstractFallbackTransactionAttributeSource.getTransactionAttribute(Ljava/lang/reflect/Method;Ljava/lang/Class;)Lorg/springframewo
Event: 926.391 Thread 0x000001b13771ae20 DEOPT PACKING pc=0x000001b127d0d680 sp=0x000000a74c1fc990
Event: 926.391 Thread 0x000001b13771ae20 DEOPT UNPACKING pc=0x000001b11fcc23a3 sp=0x000000a74c1fc8c0 mode 2
Event: 926.755 Thread 0x000001b13771ae20 DEOPT PACKING pc=0x000001b12139cce5 sp=0x000000a74c1fbf40
Event: 926.755 Thread 0x000001b13771ae20 DEOPT UNPACKING pc=0x000001b11fcc2b43 sp=0x000000a74c1fb448 mode 0
Event: 1208.772 Thread 0x000001b137716120 Uncommon trap: trap_request=0xffffffde fr.pc=0x000001b127d48e04 relative=0x00000000000009e4
Event: 1208.772 Thread 0x000001b137716120 Uncommon trap: reason=class_check action=maybe_recompile pc=0x000001b127d48e04 method=org.springframework.core.ResolvableType.resolveType()Lorg/springframework/core/ResolvableType; @ 126 c2
Event: 1208.772 Thread 0x000001b137716120 DEOPT PACKING pc=0x000001b127d48e04 sp=0x000000a74ccfbf70
Event: 1208.772 Thread 0x000001b137716120 DEOPT UNPACKING pc=0x000001b11fcc23a3 sp=0x000000a74ccfbed0 mode 2
Event: 1280.869 Thread 0x000001b13771ae20 DEOPT PACKING pc=0x000001b120c77053 sp=0x000000a74a6fefd0
Event: 1280.869 Thread 0x000001b13771ae20 DEOPT UNPACKING pc=0x000001b11fcc2b43 sp=0x000000a74a6fe498 mode 0
Event: 1280.873 Thread 0x000001b13771ae20 DEOPT PACKING pc=0x000001b120c77053 sp=0x000000a74a6fefd0
Event: 1280.873 Thread 0x000001b13771ae20 DEOPT UNPACKING pc=0x000001b11fcc2b43 sp=0x000000a74a6fe498 mode 0

Classes unloaded (10 events):
Event: 67.658 Thread 0x000001b135c000e0 Unloading class 0x000000080148c000 'jdk/internal/reflect/GeneratedSerializationConstructorAccessor2'
Event: 67.658 Thread 0x000001b135c000e0 Unloading class 0x0000000801478c00 'jdk/internal/reflect/GeneratedSerializationConstructorAccessor1'
Event: 713.539 Thread 0x000001b135c000e0 Unloading class 0x0000000801690000 'jdk/internal/reflect/GeneratedSerializationConstructorAccessor4'
Event: 713.539 Thread 0x000001b135c000e0 Unloading class 0x000000080168d000 'jdk/internal/reflect/GeneratedSerializationConstructorAccessor3'
Event: 728.939 Thread 0x000001b135c000e0 Unloading class 0x00000008016b0400 'jdk/internal/reflect/GeneratedSerializationConstructorAccessor6'
Event: 728.939 Thread 0x000001b135c000e0 Unloading class 0x00000008016abc00 'jdk/internal/reflect/GeneratedSerializationConstructorAccessor5'
Event: 808.287 Thread 0x000001b135c000e0 Unloading class 0x00000008016f0400 'jdk/internal/reflect/GeneratedSerializationConstructorAccessor8'
Event: 808.287 Thread 0x000001b135c000e0 Unloading class 0x00000008016e8800 'jdk/internal/reflect/GeneratedSerializationConstructorAccessor7'
Event: 1280.972 Thread 0x000001b135c000e0 Unloading class 0x0000000801704400 'jdk/internal/reflect/GeneratedSerializationConstructorAccessor10'
Event: 1280.972 Thread 0x000001b135c000e0 Unloading class 0x00000008016fe400 'jdk/internal/reflect/GeneratedSerializationConstructorAccessor9'

Classes redefined (0 events):
No events

Internal exceptions (20 events):
Event: 925.201 Thread 0x000001b13771ae20 Exception <a 'java/lang/NoClassDefFoundError'{0x0000000087578628}: liquibase/integration/spring/SpringLiquibase> (0x0000000087578628) 
thrown [e:\jenkins\tmp\workspace\build\src\src\hotspot\share\oops\constantPool.cpp, line 835]
Event: 925.205 Thread 0x000001b13771ae20 Exception <a 'java/lang/NoClassDefFoundError'{0x0000000087411848}: org/jooq/DSLContext> (0x0000000087411848) 
thrown [e:\jenkins\tmp\workspace\build\src\src\hotspot\share\oops\constantPool.cpp, line 835]
Event: 925.206 Thread 0x000001b13771ae20 Exception <a 'java/lang/NoClassDefFoundError'{0x00000000874299b0}: org/springframework/batch/core/repository/JobRepository> (0x00000000874299b0) 
thrown [e:\jenkins\tmp\workspace\build\src\src\hotspot\share\oops\constantPool.cpp, line 835]
Event: 925.206 Thread 0x000001b13771ae20 Exception <a 'java/lang/NoClassDefFoundError'{0x0000000087429ff8}: org/quartz/Scheduler> (0x0000000087429ff8) 
thrown [e:\jenkins\tmp\workspace\build\src\src\hotspot\share\oops\constantPool.cpp, line 835]
Event: 925.206 Thread 0x000001b13771ae20 Exception <a 'java/lang/NoClassDefFoundError'{0x000000008742a668}: org/springframework/session/jdbc/JdbcIndexedSessionRepository> (0x000000008742a668) 
thrown [e:\jenkins\tmp\workspace\build\src\src\hotspot\share\oops\constantPool.cpp, line 835]
Event: 925.296 Thread 0x000001b13771ae20 Exception <a 'sun/nio/fs/WindowsException'{0x0000000086b146d8}> (0x0000000086b146d8) 
thrown [e:\jenkins\tmp\workspace\build\src\src\hotspot\share\prims\jni.cpp, line 516]
Event: 925.296 Thread 0x000001b13771ae20 Exception <a 'sun/nio/fs/WindowsException'{0x0000000086b14e00}> (0x0000000086b14e00) 
thrown [e:\jenkins\tmp\workspace\build\src\src\hotspot\share\prims\jni.cpp, line 516]
Event: 925.296 Thread 0x000001b13771ae20 Exception <a 'sun/nio/fs/WindowsException'{0x0000000086b154f8}> (0x0000000086b154f8) 
thrown [e:\jenkins\tmp\workspace\build\src\src\hotspot\share\prims\jni.cpp, line 516]
Event: 925.324 Thread 0x000001b13771ae20 Exception <a 'java/io/FileNotFoundException'{0x0000000086b5f0c8}> (0x0000000086b5f0c8) 
thrown [e:\jenkins\tmp\workspace\build\src\src\hotspot\share\prims\jni.cpp, line 516]
Event: 925.455 Thread 0x000001b13771ae20 Exception <a 'java/io/FileNotFoundException'{0x0000000089b75e90}> (0x0000000089b75e90) 
thrown [e:\jenkins\tmp\workspace\build\src\src\hotspot\share\prims\jni.cpp, line 516]
Event: 925.492 Thread 0x000001b13771ae20 Exception <a 'sun/nio/fs/WindowsException'{0x0000000089550ab0}> (0x0000000089550ab0) 
thrown [e:\jenkins\tmp\workspace\build\src\src\hotspot\share\prims\jni.cpp, line 516]
Event: 926.322 Thread 0x000001b13771ae20 Exception <a 'java/lang/reflect/InvocationTargetException'{0x000000008761d330}> (0x000000008761d330) 
thrown [e:\jenkins\tmp\workspace\build\src\src\hotspot\share\runtime\reflection.cpp, line 1121]
Event: 926.350 Thread 0x000001b13771ae20 Exception <a 'java/lang/reflect/InvocationTargetException'{0x0000000087192470}> (0x0000000087192470) 
thrown [e:\jenkins\tmp\workspace\build\src\src\hotspot\share\runtime\reflection.cpp, line 1121]
Event: 926.517 Thread 0x000001b13771ae20 Exception <a 'java/io/FileNotFoundException'{0x0000000089120588}> (0x0000000089120588) 
thrown [e:\jenkins\tmp\workspace\build\src\src\hotspot\share\prims\jni.cpp, line 516]
Event: 926.518 Thread 0x000001b13771ae20 Exception <a 'java/io/FileNotFoundException'{0x000000008912c140}> (0x000000008912c140) 
thrown [e:\jenkins\tmp\workspace\build\src\src\hotspot\share\prims\jni.cpp, line 516]
Event: 926.614 Thread 0x000001b13771ae20 Exception <a 'sun/nio/fs/WindowsException'{0x00000000888990b0}> (0x00000000888990b0) 
thrown [e:\jenkins\tmp\workspace\build\src\src\hotspot\share\prims\jni.cpp, line 516]
Event: 1280.866 Thread 0x000001b13771d970 Exception <a 'java/lang/InterruptedException'{0x000000008af6a248}: sleep interrupted> (0x000000008af6a248) 
thrown [e:\jenkins\tmp\workspace\build\src\src\hotspot\share\prims\jvm.cpp, line 3067]
Event: 1281.134 Thread 0x000001b137717e00 Exception <a 'sun/nio/fs/WindowsException'{0x000000008e9a1a20}> (0x000000008e9a1a20) 
thrown [e:\jenkins\tmp\workspace\build\src\src\hotspot\share\prims\jni.cpp, line 516]
Event: 1281.225 Thread 0x000001b137717e00 Exception <a 'sun/nio/fs/WindowsException'{0x000000008e6d43c8}> (0x000000008e6d43c8) 
thrown [e:\jenkins\tmp\workspace\build\src\src\hotspot\share\prims\jni.cpp, line 516]
Event: 1281.355 Thread 0x000001b13771d970 Exception <a 'java/lang/NoClassDefFoundError'{0x000000008e2d0a20}: org/glassfish/jersey/server/monitoring/ApplicationEventListener> (0x000000008e2d0a20) 
thrown [e:\jenkins\tmp\workspace\build\src\src\hotspot\share\classfile\systemDictionary.cpp, line 245]

VM Operations (20 events):
Event: 927.311 Executing VM operation: G1Concurrent
Event: 927.312 Executing VM operation: G1Concurrent done
Event: 1007.059 Executing VM operation: Cleanup
Event: 1007.060 Executing VM operation: Cleanup done
Event: 1058.256 Executing VM operation: G1CollectForAllocation
Event: 1058.263 Executing VM operation: G1CollectForAllocation done
Event: 1148.898 Executing VM operation: Cleanup
Event: 1148.898 Executing VM operation: Cleanup done
Event: 1205.259 Executing VM operation: G1CollectForAllocation
Event: 1205.267 Executing VM operation: G1CollectForAllocation done
Event: 1205.419 Executing VM operation: G1Concurrent
Event: 1205.428 Executing VM operation: G1Concurrent done
Event: 1205.492 Executing VM operation: G1Concurrent
Event: 1205.492 Executing VM operation: G1Concurrent done
Event: 1209.498 Executing VM operation: Cleanup
Event: 1209.499 Executing VM operation: Cleanup done
Event: 1280.918 Executing VM operation: G1CollectFull
Event: 1281.044 Executing VM operation: G1CollectFull done
Event: 1281.591 Executing VM operation: HandshakeAllThreads
Event: 1281.591 Executing VM operation: HandshakeAllThreads done

Events (20 events):
Event: 1280.865 Thread 0x000001b137719ae0 Thread exited: 0x000001b137719ae0
Event: 1280.865 Thread 0x000001b13771a480 Thread exited: 0x000001b13771a480
Event: 1280.865 Thread 0x000001b137717e00 Thread exited: 0x000001b137717e00
Event: 1280.865 Thread 0x000001b137716120 Thread exited: 0x000001b137716120
Event: 1280.866 Thread 0x000001b1377165f0 Thread exited: 0x000001b1377165f0
Event: 1280.866 Thread 0x000001b13771d970 Thread exited: 0x000001b13771d970
Event: 1280.897 Thread 0x000001b137719610 Thread added: 0x000001b137719610
Event: 1280.898 Thread 0x000001b13771cb00 Thread exited: 0x000001b13771cb00
Event: 1280.918 Thread 0x000001b137719610 Thread exited: 0x000001b137719610
Event: 1281.047 Thread 0x000001b137719fb0 Thread added: 0x000001b137719fb0
Event: 1281.083 Thread 0x000001b137719fb0 Thread exited: 0x000001b137719fb0
Event: 1281.083 Thread 0x000001b137717e00 Thread added: 0x000001b137717e00
Event: 1281.181 Thread 0x000001b13771c160 Thread exited: 0x000001b13771c160
Event: 1281.183 Thread 0x000001b137718c70 Thread exited: 0x000001b137718c70
Event: 1281.304 Thread 0x000001b13771d970 Thread added: 0x000001b13771d970
Event: 1281.390 Thread 0x000001b13771d970 Thread exited: 0x000001b13771d970
Event: 1281.393 Thread 0x000001b137288810 Thread added: 0x000001b137288810
Event: 1281.600 Thread 0x000001b135c37510 flushing nmethod 0x000001b12027c090
Event: 1281.600 Thread 0x000001b135c37510 flushing nmethod 0x000001b12027d090
Event: 1281.600 Thread 0x000001b135c37510 flushing nmethod 0x000001b12027e010


Dynamic libraries:
0x00007ff6bc340000 - 0x00007ff6bc34e000 	C:\Program Files\Eclipse Adoptium\jdk-17.0.2.8-hotspot\bin\java.exe
0x00007ff9e4810000 - 0x00007ff9e4a07000 	C:\WINDOWS\SYSTEM32\ntdll.dll
0x00007ff9e4710000 - 0x00007ff9e47cd000 	C:\WINDOWS\System32\KERNEL32.DLL
0x00007ff9e2570000 - 0x00007ff9e2866000 	C:\WINDOWS\System32\KERNELBASE.dll
0x00007ff9e2380000 - 0x00007ff9e2480000 	C:\WINDOWS\System32\ucrtbase.dll
0x00007ff9dc5c0000 - 0x00007ff9dc5d8000 	C:\Program Files\Eclipse Adoptium\jdk-17.0.2.8-hotspot\bin\jli.dll
0x00007ff9e4280000 - 0x00007ff9e441e000 	C:\WINDOWS\System32\USER32.dll
0x00007ff9e1f90000 - 0x00007ff9e1fb2000 	C:\WINDOWS\System32\win32u.dll
0x00007ff9e2ae0000 - 0x00007ff9e2b0c000 	C:\WINDOWS\System32\GDI32.dll
0x00007ff9dc400000 - 0x00007ff9dc419000 	C:\Program Files\Eclipse Adoptium\jdk-17.0.2.8-hotspot\bin\VCRUNTIME140.dll
0x00007ff9e1fc0000 - 0x00007ff9e20da000 	C:\WINDOWS\System32\gdi32full.dll
0x00007ff9e1ef0000 - 0x00007ff9e1f8d000 	C:\WINDOWS\System32\msvcp_win.dll
0x00007ff9cf410000 - 0x00007ff9cf6aa000 	C:\WINDOWS\WinSxS\amd64_microsoft.windows.common-controls_6595b64144ccf1df_6.0.19041.3570_none_60bb2a3971f3e41a\COMCTL32.dll
0x00007ff9e2a40000 - 0x00007ff9e2ade000 	C:\WINDOWS\System32\msvcrt.dll
0x00007ff9e4680000 - 0x00007ff9e46b0000 	C:\WINDOWS\System32\IMM32.DLL
0x00007ff9dc5a0000 - 0x00007ff9dc5ac000 	C:\Program Files\Eclipse Adoptium\jdk-17.0.2.8-hotspot\bin\vcruntime140_1.dll
0x00007ff9c1ad0000 - 0x00007ff9c1b61000 	C:\Program Files\Eclipse Adoptium\jdk-17.0.2.8-hotspot\bin\msvcp140.dll
0x00007ff998ef0000 - 0x00007ff999b37000 	C:\Program Files\Eclipse Adoptium\jdk-17.0.2.8-hotspot\bin\server\jvm.dll
0x00007ff9e3f30000 - 0x00007ff9e3fde000 	C:\WINDOWS\System32\ADVAPI32.dll
0x00007ff9e29a0000 - 0x00007ff9e2a3c000 	C:\WINDOWS\System32\sechost.dll
0x00007ff9e2870000 - 0x00007ff9e2996000 	C:\WINDOWS\System32\RPCRT4.dll
0x00007ff9e3840000 - 0x00007ff9e3848000 	C:\WINDOWS\System32\PSAPI.DLL
0x00007ff9cf400000 - 0x00007ff9cf409000 	C:\WINDOWS\SYSTEM32\WSOCK32.dll
0x00007ff9ceae0000 - 0x00007ff9ceb07000 	C:\WINDOWS\SYSTEM32\WINMM.dll
0x00007ff9e4210000 - 0x00007ff9e427b000 	C:\WINDOWS\System32\WS2_32.dll
0x00007ff9dc470000 - 0x00007ff9dc47a000 	C:\WINDOWS\SYSTEM32\VERSION.dll
0x00007ff9dfd50000 - 0x00007ff9dfd62000 	C:\WINDOWS\SYSTEM32\kernel.appcore.dll
0x00007ff9dc580000 - 0x00007ff9dc58a000 	C:\Program Files\Eclipse Adoptium\jdk-17.0.2.8-hotspot\bin\jimage.dll
0x00007ff9cf210000 - 0x00007ff9cf3f4000 	C:\WINDOWS\SYSTEM32\DBGHELP.DLL
0x00007ff9ce8f0000 - 0x00007ff9ce924000 	C:\WINDOWS\SYSTEM32\dbgcore.DLL
0x00007ff9e22f0000 - 0x00007ff9e2372000 	C:\WINDOWS\System32\bcryptPrimitives.dll
0x00007ff9d3100000 - 0x00007ff9d3125000 	C:\Program Files\Eclipse Adoptium\jdk-17.0.2.8-hotspot\bin\java.dll
0x00007ff9b9200000 - 0x00007ff9b92d6000 	C:\Program Files\Eclipse Adoptium\jdk-17.0.2.8-hotspot\bin\jsvml.dll
0x00007ff9e3010000 - 0x00007ff9e3754000 	C:\WINDOWS\System32\SHELL32.dll
0x00007ff9dff50000 - 0x00007ff9e06eb000 	C:\WINDOWS\SYSTEM32\windows.storage.dll
0x00007ff9e39c0000 - 0x00007ff9e3d14000 	C:\WINDOWS\System32\combase.dll
0x00007ff9e1780000 - 0x00007ff9e17ad000 	C:\WINDOWS\SYSTEM32\Wldp.dll
0x00007ff9e45d0000 - 0x00007ff9e467d000 	C:\WINDOWS\System32\SHCORE.dll
0x00007ff9e3960000 - 0x00007ff9e39b5000 	C:\WINDOWS\System32\shlwapi.dll
0x00007ff9e1e20000 - 0x00007ff9e1e45000 	C:\WINDOWS\SYSTEM32\profapi.dll
0x00007ff9d5d90000 - 0x00007ff9d5da9000 	C:\Program Files\Eclipse Adoptium\jdk-17.0.2.8-hotspot\bin\net.dll
0x00007ff9d4d40000 - 0x00007ff9d4e4a000 	C:\WINDOWS\SYSTEM32\WINHTTP.dll
0x00007ff9e1560000 - 0x00007ff9e15ca000 	C:\WINDOWS\system32\mswsock.dll
0x00007ff9d2fe0000 - 0x00007ff9d2ff5000 	C:\Program Files\Eclipse Adoptium\jdk-17.0.2.8-hotspot\bin\nio.dll
0x00007ff9d2e80000 - 0x00007ff9d2e98000 	C:\Program Files\Eclipse Adoptium\jdk-17.0.2.8-hotspot\bin\zip.dll
0x00007ff9dc530000 - 0x00007ff9dc539000 	C:\Program Files\Eclipse Adoptium\jdk-17.0.2.8-hotspot\bin\management.dll
0x00007ff9d9dd0000 - 0x00007ff9d9ddb000 	C:\Program Files\Eclipse Adoptium\jdk-17.0.2.8-hotspot\bin\management_ext.dll
0x00007ff9e19a0000 - 0x00007ff9e19b8000 	C:\WINDOWS\SYSTEM32\CRYPTSP.dll
0x00007ff9e0e90000 - 0x00007ff9e0ec4000 	C:\WINDOWS\system32\rsaenh.dll
0x00007ff9e2540000 - 0x00007ff9e2567000 	C:\WINDOWS\System32\bcrypt.dll
0x00007ff9e1de0000 - 0x00007ff9e1e0e000 	C:\WINDOWS\SYSTEM32\USERENV.dll
0x00007ff9e16f0000 - 0x00007ff9e16fc000 	C:\WINDOWS\SYSTEM32\CRYPTBASE.dll
0x00007ff9e1270000 - 0x00007ff9e12ab000 	C:\WINDOWS\SYSTEM32\IPHLPAPI.DLL
0x00007ff9e3fe0000 - 0x00007ff9e3fe8000 	C:\WINDOWS\System32\NSI.dll
0x00007ff9d4fd0000 - 0x00007ff9d4fe7000 	C:\WINDOWS\SYSTEM32\dhcpcsvc6.DLL
0x00007ff9d50a0000 - 0x00007ff9d50bd000 	C:\WINDOWS\SYSTEM32\dhcpcsvc.DLL
0x00007ff9e12b0000 - 0x00007ff9e137a000 	C:\WINDOWS\SYSTEM32\DNSAPI.dll
0x00007ff9d5bd0000 - 0x00007ff9d5bde000 	C:\Program Files\Eclipse Adoptium\jdk-17.0.2.8-hotspot\bin\sunmscapi.dll
0x00007ff9e2190000 - 0x00007ff9e22ed000 	C:\WINDOWS\System32\CRYPT32.dll
0x00007ff9e17f0000 - 0x00007ff9e1817000 	C:\WINDOWS\SYSTEM32\ncrypt.dll
0x00007ff9e17b0000 - 0x00007ff9e17eb000 	C:\WINDOWS\SYSTEM32\NTASN1.dll
0x00007ff9d55d0000 - 0x00007ff9d55e0000 	C:\Program Files\Eclipse Adoptium\jdk-17.0.2.8-hotspot\bin\verify.dll
0x00007ff9d1cb0000 - 0x00007ff9d1cba000 	C:\Windows\System32\rasadhlp.dll
0x00007ff9d2240000 - 0x00007ff9d22c2000 	C:\WINDOWS\System32\fwpuclnt.dll
0x00007ff9d4a50000 - 0x00007ff9d4a57000 	C:\WINDOWS\system32\wshunix.dll

dbghelp: loaded successfully - version: 4.0.5 - missing functions: none
symbol engine: initialized successfully - sym options: 0x614 - pdb path: .;C:\Program Files\Eclipse Adoptium\jdk-17.0.2.8-hotspot\bin;C:\WINDOWS\SYSTEM32;C:\WINDOWS\WinSxS\amd64_microsoft.windows.common-controls_6595b64144ccf1df_6.0.19041.3570_none_60bb2a3971f3e41a;C:\Program Files\Eclipse Adoptium\jdk-17.0.2.8-hotspot\bin\server

VM Arguments:
jvm_args: -XX:+ShowCodeDetailsInExceptionMessages -Dspring.jmx.enabled=true -Dmanagement.endpoints.jmx.exposure.include=* -Dspring.application.admin.enabled=true -Dspring.boot.project.name=accenturetalenthub -Djava.rmi.server.hostname=localhost 
java_command: com.accenture.accenturetalenthub.AccenturetalenthubApplication
java_class_path (initial): C:\Users\Jhonnatas Mendona\Desktop\Residencia\AccentureTalentHub\target\classes;C:\Users\Jhonnatas Mendona\.m2\repository\org\springframework\boot\spring-boot-starter-actuator\3.1.5\spring-boot-starter-actuator-3.1.5.jar;C:\Users\Jhonnatas Mendona\.m2\repository\org\springframework\boot\spring-boot-starter\3.1.5\spring-boot-starter-3.1.5.jar;C:\Users\Jhonnatas Mendona\.m2\repository\org\springframework\boot\spring-boot-starter-logging\3.1.5\spring-boot-starter-logging-3.1.5.jar;C:\Users\Jhonnatas Mendona\.m2\repository\ch\qos\logback\logback-classic\1.4.11\logback-classic-1.4.11.jar;C:\Users\Jhonnatas Mendona\.m2\repository\ch\qos\logback\logback-core\1.4.11\logback-core-1.4.11.jar;C:\Users\Jhonnatas Mendona\.m2\repository\org\apache\logging\log4j\log4j-to-slf4j\2.20.0\log4j-to-slf4j-2.20.0.jar;C:\Users\Jhonnatas Mendona\.m2\repository\org\apache\logging\log4j\log4j-api\2.20.0\log4j-api-2.20.0.jar;C:\Users\Jhonnatas Mendona\.m2\repository\org\slf4j\jul-to-slf4j\2.0.9\jul-to-slf4j-2.0.9.jar;C:\Users\Jhonnatas Mendona\.m2\repository\jakarta\annotation\jakarta.annotation-api\2.1.1\jakarta.annotation-api-2.1.1.jar;C:\Users\Jhonnatas Mendona\.m2\repository\org\yaml\snakeyaml\1.33\snakeyaml-1.33.jar;C:\Users\Jhonnatas Mendona\.m2\repository\org\springframework\boot\spring-boot-actuator-autoconfigure\3.1.5\spring-boot-actuator-autoconfigure-3.1.5.jar;C:\Users\Jhonnatas Mendona\.m2\repository\org\springframework\boot\spring-boot-actuator\3.1.5\spring-boot-actuator-3.1.5.jar;C:\Users\Jhonnatas Mendona\.m2\repository\com\fasterxml\jackson\core\jackson-databind\2.15.3\jackson-databind-2.15.3.jar;C:\Users\Jhonnatas Mendona\.m2\repository\com\fasterxml\jackson\core\jackson-annotations\2.15.3\jackson-annotations-2.15.3.jar;C:\Users\Jhonnatas Mendona\.m2\repository\com\fasterxml\jackson\core\jackson-core\2.15.3\jackson-core-2.15.3.jar;C:\Users\Jhonnatas Mendona\.m2\repository\com\fasterxml\jackson\datatype\jackson-datatype-jsr310\2.15.
Launcher Type: SUN_STANDARD

[Global flags]
     intx CICompilerCount                          = 3                                         {product} {ergonomic}
     uint ConcGCThreads                            = 1                                         {product} {ergonomic}
     uint G1ConcRefinementThreads                  = 4                                         {product} {ergonomic}
   size_t G1HeapRegionSize                         = 1048576                                   {product} {ergonomic}
    uintx GCDrainStackTargetSize                   = 64                                        {product} {ergonomic}
   size_t InitialHeapSize                          = 134217728                                 {product} {ergonomic}
   size_t MarkStackSize                            = 4194304                                   {product} {ergonomic}
   size_t MaxHeapSize                              = 2116026368                                {product} {ergonomic}
   size_t MaxNewSize                               = 1268776960                                {product} {ergonomic}
   size_t MinHeapDeltaBytes                        = 1048576                                   {product} {ergonomic}
   size_t MinHeapSize                              = 8388608                                   {product} {ergonomic}
    uintx NonNMethodCodeHeapSize                   = 5832780                                {pd product} {ergonomic}
    uintx NonProfiledCodeHeapSize                  = 122912730                              {pd product} {ergonomic}
    uintx ProfiledCodeHeapSize                     = 122912730                              {pd product} {ergonomic}
    uintx ReservedCodeCacheSize                    = 251658240                              {pd product} {ergonomic}
     bool SegmentedCodeCache                       = true                                      {product} {ergonomic}
     bool ShowCodeDetailsInExceptionMessages       = true                                   {manageable} {command line}
   size_t SoftMaxHeapSize                          = 2116026368                             {manageable} {ergonomic}
     bool UseCompressedClassPointers               = true                           {product lp64_product} {ergonomic}
     bool UseCompressedOops                        = true                           {product lp64_product} {ergonomic}
     bool UseG1GC                                  = true                                      {product} {ergonomic}
     bool UseLargePagesIndividualAllocation        = false                                  {pd product} {ergonomic}

Logging:
Log output configuration:
 #0: stdout all=warning uptime,level,tags
 #1: stderr all=off uptime,level,tags

Environment Variables:
PATH=C:\Users\Jhonnatas Mendona\bin;C:\Program Files\Git\mingw64\bin;C:\Program Files\Git\usr\local\bin;C:\Program Files\Git\usr\bin;C:\Program Files\Git\usr\bin;C:\Program Files\Git\mingw64\bin;C:\Program Files\Git\usr\bin;C:\Users\Jhonnatas Mendona\bin;C:\Program Files\Eclipse Adoptium\jdk-17.0.2.8-hotspot\bin;C:\WINDOWS\system32;C:\WINDOWS;C:\WINDOWS\System32\Wbem;C:\WINDOWS\System32\WindowsPowerShell\v1.0;C:\WINDOWS\System32\OpenSSH;C:\Program Files\Git\cmd;C:\Program Files\nodejs;C:\Users\Jhonnatas Mendona\AppData\Local\Microsoft\WindowsApps;C:\Users\Jhonnatas Mendona\AppData\Local\Programs\Microsoft VS Code\bin;C:\Users\Jhonnatas Mendona\AppData\Roaming\npm;C:\Program Files\Git\usr\bin\vendor_perl;C:\Program Files\Git\usr\bin\core_perl
USERNAME=Jhonnatas Mendona
SHELL=C:\Program Files\Git\usr\bin\bash.exe
DISPLAY=needs-to-be-defined
LANG=pt_BR.UTF-8
LC_CTYPE=pt_BR.UTF-8
OS=Windows_NT
PROCESSOR_IDENTIFIER=Intel64 Family 6 Model 142 Stepping 9, GenuineIntel



---------------  S Y S T E M  ---------------

OS:
 Windows 10 , 64 bit Build 19041 (10.0.19041.3570)
OS uptime: 18 days 15:07 hours
Hyper-V role detected

CPU: total 4 (initial active 4) (2 cores per cpu, 2 threads per core) family 6 model 142 stepping 9 microcode 0xb4, cx8, cmov, fxsr, ht, mmx, 3dnowpref, sse, sse2, sse3, ssse3, sse4.1, sse4.2, popcnt, lzcnt, tsc, tscinvbit, avx, avx2, aes, erms, clmul, bmi1, bmi2, adx, fma, vzeroupper, clflush, clflushopt, hv

Memory: 4k page, system-wide physical 8067M (1622M free)
TotalPageFile size 11643M (AvailPageFile size 1783M)
current process WorkingSet (physical memory assigned to process): 431M, peak: 431M
current process commit charge ("private bytes"): 463M, peak: 476M

vm_info: OpenJDK 64-Bit Server VM (17.0.2+8) for windows-amd64 JRE (17.0.2+8), built on Jan 20 2022 04:52:34 by "" with MS VC++ 16.7 (VS2019)

END.
